{"/Users/ethanma/Desktop/volunteer-web-app/backend/db.js": {"path":"/Users/ethanma/Desktop/volunteer-web-app/backend/db.js","statementMap":{"0":{"start":{"line":1,"column":14},"end":{"line":1,"column":31}},"1":{"start":{"line":2,"column":0},"end":{"line":2,"column":27}},"2":{"start":{"line":4,"column":17},"end":{"line":16,"column":1}},"3":{"start":{"line":18,"column":13},"end":{"line":18,"column":39}},"4":{"start":{"line":19,"column":20},"end":{"line":19,"column":34}},"5":{"start":{"line":21,"column":0},"end":{"line":28,"column":5}},"6":{"start":{"line":23,"column":4},"end":{"line":23,"column":59}},"7":{"start":{"line":24,"column":4},"end":{"line":24,"column":25}},"8":{"start":{"line":27,"column":4},"end":{"line":27,"column":52}},"9":{"start":{"line":30,"column":0},"end":{"line":30,"column":29}}},"fnMap":{"0":{"name":"(anonymous_0)","decl":{"start":{"line":22,"column":8},"end":{"line":22,"column":9}},"loc":{"start":{"line":22,"column":22},"end":{"line":25,"column":3}},"line":22},"1":{"name":"(anonymous_1)","decl":{"start":{"line":26,"column":9},"end":{"line":26,"column":10}},"loc":{"start":{"line":26,"column":16},"end":{"line":28,"column":3}},"line":26}},"branchMap":{"0":{"loc":{"start":{"line":6,"column":8},"end":{"line":6,"column":35}},"type":"binary-expr","locations":[{"start":{"line":6,"column":8},"end":{"line":6,"column":27}},{"start":{"line":6,"column":31},"end":{"line":6,"column":35}}],"line":6}},"s":{"0":2,"1":2,"2":2,"3":2,"4":2,"5":2,"6":2,"7":2,"8":0,"9":2},"f":{"0":2,"1":0},"b":{"0":[2,0]},"_coverageSchema":"1a1c01bbd47fc00a2c39e90264f33305004495a9","hash":"945c062c4f1ac9268befa4d838ef7e097829018a"}
,"/Users/ethanma/Desktop/volunteer-web-app/backend/api/loginRoutes.js": {"path":"/Users/ethanma/Desktop/volunteer-web-app/backend/api/loginRoutes.js","statementMap":{"0":{"start":{"line":1,"column":16},"end":{"line":1,"column":34}},"1":{"start":{"line":2,"column":15},"end":{"line":2,"column":31}},"2":{"start":{"line":3,"column":19},"end":{"line":3,"column":35}},"3":{"start":{"line":4,"column":12},"end":{"line":4,"column":35}},"4":{"start":{"line":6,"column":19},"end":{"line":6,"column":51}},"5":{"start":{"line":8,"column":0},"end":{"line":46,"column":3}},"6":{"start":{"line":9,"column":38},"end":{"line":9,"column":46}},"7":{"start":{"line":14,"column":4},"end":{"line":22,"column":5}},"8":{"start":{"line":15,"column":8},"end":{"line":15,"column":40}},"9":{"start":{"line":16,"column":8},"end":{"line":16,"column":29}},"10":{"start":{"line":17,"column":11},"end":{"line":22,"column":5}},"11":{"start":{"line":18,"column":8},"end":{"line":18,"column":39}},"12":{"start":{"line":19,"column":8},"end":{"line":19,"column":28}},"13":{"start":{"line":21,"column":8},"end":{"line":21,"column":74}},"14":{"start":{"line":24,"column":18},"end":{"line":24,"column":79}},"15":{"start":{"line":26,"column":4},"end":{"line":45,"column":5}},"16":{"start":{"line":27,"column":26},"end":{"line":27,"column":74}},"17":{"start":{"line":29,"column":8},"end":{"line":42,"column":9}},"18":{"start":{"line":30,"column":25},"end":{"line":30,"column":35}},"19":{"start":{"line":31,"column":26},"end":{"line":35,"column":13}},"20":{"start":{"line":36,"column":12},"end":{"line":39,"column":62}},"21":{"start":{"line":41,"column":12},"end":{"line":41,"column":82}},"22":{"start":{"line":44,"column":8},"end":{"line":44,"column":74}},"23":{"start":{"line":53,"column":0},"end":{"line":96,"column":3}},"24":{"start":{"line":54,"column":38},"end":{"line":54,"column":46}},"25":{"start":{"line":58,"column":4},"end":{"line":66,"column":5}},"26":{"start":{"line":59,"column":8},"end":{"line":59,"column":40}},"27":{"start":{"line":60,"column":8},"end":{"line":60,"column":29}},"28":{"start":{"line":61,"column":11},"end":{"line":66,"column":5}},"29":{"start":{"line":62,"column":8},"end":{"line":62,"column":39}},"30":{"start":{"line":63,"column":8},"end":{"line":63,"column":28}},"31":{"start":{"line":65,"column":8},"end":{"line":65,"column":74}},"32":{"start":{"line":68,"column":4},"end":{"line":95,"column":5}},"33":{"start":{"line":69,"column":32},"end":{"line":69,"column":109}},"34":{"start":{"line":70,"column":8},"end":{"line":72,"column":9}},"35":{"start":{"line":71,"column":12},"end":{"line":71,"column":76}},"36":{"start":{"line":74,"column":27},"end":{"line":74,"column":103}},"37":{"start":{"line":75,"column":22},"end":{"line":75,"column":67}},"38":{"start":{"line":77,"column":8},"end":{"line":80,"column":10}},"39":{"start":{"line":82,"column":22},"end":{"line":86,"column":9}},"40":{"start":{"line":88,"column":8},"end":{"line":91,"column":72}},"41":{"start":{"line":94,"column":8},"end":{"line":94,"column":74}},"42":{"start":{"line":100,"column":0},"end":{"line":100,"column":24}}},"fnMap":{"0":{"name":"(anonymous_0)","decl":{"start":{"line":8,"column":23},"end":{"line":8,"column":24}},"loc":{"start":{"line":8,"column":43},"end":{"line":46,"column":1}},"line":8},"1":{"name":"(anonymous_1)","decl":{"start":{"line":53,"column":23},"end":{"line":53,"column":24}},"loc":{"start":{"line":53,"column":43},"end":{"line":96,"column":1}},"line":53}},"branchMap":{"0":{"loc":{"start":{"line":6,"column":19},"end":{"line":6,"column":51}},"type":"binary-expr","locations":[{"start":{"line":6,"column":19},"end":{"line":6,"column":41}},{"start":{"line":6,"column":45},"end":{"line":6,"column":51}}],"line":6},"1":{"loc":{"start":{"line":14,"column":4},"end":{"line":22,"column":5}},"type":"if","locations":[{"start":{"line":14,"column":4},"end":{"line":22,"column":5}},{"start":{"line":17,"column":11},"end":{"line":22,"column":5}}],"line":14},"2":{"loc":{"start":{"line":17,"column":11},"end":{"line":22,"column":5}},"type":"if","locations":[{"start":{"line":17,"column":11},"end":{"line":22,"column":5}},{"start":{"line":20,"column":11},"end":{"line":22,"column":5}}],"line":17},"3":{"loc":{"start":{"line":29,"column":8},"end":{"line":42,"column":9}},"type":"if","locations":[{"start":{"line":29,"column":8},"end":{"line":42,"column":9}},{"start":{"line":40,"column":15},"end":{"line":42,"column":9}}],"line":29},"4":{"loc":{"start":{"line":58,"column":4},"end":{"line":66,"column":5}},"type":"if","locations":[{"start":{"line":58,"column":4},"end":{"line":66,"column":5}},{"start":{"line":61,"column":11},"end":{"line":66,"column":5}}],"line":58},"5":{"loc":{"start":{"line":61,"column":11},"end":{"line":66,"column":5}},"type":"if","locations":[{"start":{"line":61,"column":11},"end":{"line":66,"column":5}},{"start":{"line":64,"column":11},"end":{"line":66,"column":5}}],"line":61},"6":{"loc":{"start":{"line":70,"column":8},"end":{"line":72,"column":9}},"type":"if","locations":[{"start":{"line":70,"column":8},"end":{"line":72,"column":9}},{"start":{},"end":{}}],"line":70},"7":{"loc":{"start":{"line":75,"column":22},"end":{"line":75,"column":67}},"type":"cond-expr","locations":[{"start":{"line":75,"column":42},"end":{"line":75,"column":63}},{"start":{"line":75,"column":66},"end":{"line":75,"column":67}}],"line":75}},"s":{"0":1,"1":1,"2":1,"3":1,"4":1,"5":1,"6":4,"7":4,"8":1,"9":1,"10":3,"11":2,"12":2,"13":1,"14":3,"15":3,"16":3,"17":2,"18":1,"19":1,"20":1,"21":1,"22":1,"23":1,"24":4,"25":4,"26":1,"27":1,"28":3,"29":2,"30":2,"31":1,"32":3,"33":3,"34":2,"35":1,"36":1,"37":1,"38":1,"39":1,"40":1,"41":1,"42":1},"f":{"0":4,"1":4},"b":{"0":[1,1],"1":[1,3],"2":[2,1],"3":[1,1],"4":[1,3],"5":[2,1],"6":[1,1],"7":[1,0]},"_coverageSchema":"1a1c01bbd47fc00a2c39e90264f33305004495a9","hash":"6cc0fc178faeb7822488d516f9df814ae0a58832"}
,"/Users/ethanma/Desktop/volunteer-web-app/backend/controllers/adminController.js": {"path":"/Users/ethanma/Desktop/volunteer-web-app/backend/controllers/adminController.js","statementMap":{"0":{"start":{"line":1,"column":11},"end":{"line":1,"column":27}},"1":{"start":{"line":2,"column":39},"end":{"line":2,"column":60}},"2":{"start":{"line":3,"column":20},"end":{"line":3,"column":37}},"3":{"start":{"line":5,"column":11},"end":{"line":5,"column":24}},"4":{"start":{"line":6,"column":13},"end":{"line":6,"column":28}},"5":{"start":{"line":9,"column":0},"end":{"line":23,"column":2}},"6":{"start":{"line":10,"column":4},"end":{"line":22,"column":5}},"7":{"start":{"line":11,"column":23},"end":{"line":11,"column":93}},"8":{"start":{"line":14,"column":8},"end":{"line":16,"column":11}},"9":{"start":{"line":15,"column":12},"end":{"line":15,"column":86}},"10":{"start":{"line":18,"column":8},"end":{"line":18,"column":23}},"11":{"start":{"line":20,"column":8},"end":{"line":20,"column":57}},"12":{"start":{"line":21,"column":8},"end":{"line":21,"column":82}},"13":{"start":{"line":28,"column":20},"end":{"line":39,"column":3}},"14":{"start":{"line":40,"column":23},"end":{"line":40,"column":48}},"15":{"start":{"line":41,"column":19},"end":{"line":41,"column":107}},"16":{"start":{"line":43,"column":0},"end":{"line":90,"column":2}},"17":{"start":{"line":54,"column":8},"end":{"line":54,"column":16}},"18":{"start":{"line":56,"column":4},"end":{"line":58,"column":5}},"19":{"start":{"line":57,"column":8},"end":{"line":57,"column":76}},"20":{"start":{"line":60,"column":4},"end":{"line":62,"column":5}},"21":{"start":{"line":61,"column":8},"end":{"line":61,"column":114}},"22":{"start":{"line":64,"column":4},"end":{"line":66,"column":5}},"23":{"start":{"line":65,"column":8},"end":{"line":65,"column":107}},"24":{"start":{"line":68,"column":4},"end":{"line":89,"column":5}},"25":{"start":{"line":69,"column":28},"end":{"line":69,"column":96}},"26":{"start":{"line":70,"column":32},"end":{"line":72,"column":22}},"27":{"start":{"line":71,"column":29},"end":{"line":71,"column":63}},"28":{"start":{"line":74,"column":8},"end":{"line":76,"column":9}},"29":{"start":{"line":75,"column":12},"end":{"line":75,"column":89}},"30":{"start":{"line":78,"column":25},"end":{"line":83,"column":9}},"31":{"start":{"line":85,"column":8},"end":{"line":85,"column":98}},"32":{"start":{"line":87,"column":8},"end":{"line":87,"column":56}},"33":{"start":{"line":88,"column":8},"end":{"line":88,"column":82}},"34":{"start":{"line":97,"column":0},"end":{"line":119,"column":2}},"35":{"start":{"line":98,"column":20},"end":{"line":98,"column":33}},"36":{"start":{"line":100,"column":4},"end":{"line":118,"column":5}},"37":{"start":{"line":102,"column":29},"end":{"line":102,"column":109}},"38":{"start":{"line":104,"column":8},"end":{"line":106,"column":9}},"39":{"start":{"line":105,"column":12},"end":{"line":105,"column":72}},"40":{"start":{"line":109,"column":8},"end":{"line":109,"column":83}},"41":{"start":{"line":112,"column":8},"end":{"line":112,"column":81}},"42":{"start":{"line":114,"column":8},"end":{"line":114,"column":86}},"43":{"start":{"line":116,"column":8},"end":{"line":116,"column":54}},"44":{"start":{"line":117,"column":8},"end":{"line":117,"column":60}},"45":{"start":{"line":125,"column":0},"end":{"line":177,"column":2}},"46":{"start":{"line":126,"column":30},"end":{"line":126,"column":38}},"47":{"start":{"line":128,"column":4},"end":{"line":130,"column":5}},"48":{"start":{"line":129,"column":8},"end":{"line":129,"column":79}},"49":{"start":{"line":132,"column":4},"end":{"line":176,"column":5}},"50":{"start":{"line":134,"column":29},"end":{"line":137,"column":9}},"51":{"start":{"line":139,"column":8},"end":{"line":141,"column":9}},"52":{"start":{"line":140,"column":12},"end":{"line":140,"column":76}},"53":{"start":{"line":143,"column":26},"end":{"line":143,"column":39}},"54":{"start":{"line":144,"column":32},"end":{"line":144,"column":110}},"55":{"start":{"line":144,"column":88},"end":{"line":144,"column":96}},"56":{"start":{"line":145,"column":23},"end":{"line":145,"column":39}},"57":{"start":{"line":148,"column":25},"end":{"line":151,"column":10}},"58":{"start":{"line":154,"column":30},"end":{"line":160,"column":10}},"59":{"start":{"line":155,"column":32},"end":{"line":155,"column":83}},"60":{"start":{"line":155,"column":74},"end":{"line":155,"column":82}},"61":{"start":{"line":157,"column":12},"end":{"line":157,"column":64}},"62":{"start":{"line":157,"column":52},"end":{"line":157,"column":64}},"63":{"start":{"line":159,"column":12},"end":{"line":159,"column":78}},"64":{"start":{"line":159,"column":45},"end":{"line":159,"column":76}},"65":{"start":{"line":163,"column":8},"end":{"line":165,"column":9}},"66":{"start":{"line":164,"column":12},"end":{"line":164,"column":51}},"67":{"start":{"line":167,"column":8},"end":{"line":172,"column":11}},"68":{"start":{"line":168,"column":55},"end":{"line":171,"column":13}},"69":{"start":{"line":174,"column":8},"end":{"line":174,"column":70}},"70":{"start":{"line":175,"column":8},"end":{"line":175,"column":82}},"71":{"start":{"line":179,"column":0},"end":{"line":210,"column":2}},"72":{"start":{"line":180,"column":39},"end":{"line":180,"column":47}},"73":{"start":{"line":182,"column":4},"end":{"line":184,"column":5}},"74":{"start":{"line":183,"column":8},"end":{"line":183,"column":93}},"75":{"start":{"line":186,"column":4},"end":{"line":209,"column":5}},"76":{"start":{"line":187,"column":24},"end":{"line":190,"column":9}},"77":{"start":{"line":192,"column":8},"end":{"line":194,"column":9}},"78":{"start":{"line":193,"column":12},"end":{"line":193,"column":76}},"79":{"start":{"line":196,"column":23},"end":{"line":196,"column":38}},"80":{"start":{"line":198,"column":8},"end":{"line":203,"column":10}},"81":{"start":{"line":205,"column":8},"end":{"line":205,"column":65}},"82":{"start":{"line":207,"column":8},"end":{"line":207,"column":61}},"83":{"start":{"line":208,"column":8},"end":{"line":208,"column":82}},"84":{"start":{"line":214,"column":0},"end":{"line":222,"column":2}},"85":{"start":{"line":215,"column":4},"end":{"line":221,"column":5}},"86":{"start":{"line":216,"column":23},"end":{"line":216,"column":67}},"87":{"start":{"line":217,"column":8},"end":{"line":217,"column":39}},"88":{"start":{"line":219,"column":8},"end":{"line":219,"column":59}},"89":{"start":{"line":220,"column":8},"end":{"line":220,"column":60}},"90":{"start":{"line":235,"column":0},"end":{"line":262,"column":2}},"91":{"start":{"line":236,"column":4},"end":{"line":261,"column":5}},"92":{"start":{"line":237,"column":23},"end":{"line":255,"column":10}},"93":{"start":{"line":257,"column":8},"end":{"line":257,"column":23}},"94":{"start":{"line":259,"column":8},"end":{"line":259,"column":72}},"95":{"start":{"line":260,"column":8},"end":{"line":260,"column":82}},"96":{"start":{"line":265,"column":0},"end":{"line":305,"column":4}},"97":{"start":{"line":266,"column":4},"end":{"line":304,"column":5}},"98":{"start":{"line":267,"column":21},"end":{"line":282,"column":8}},"99":{"start":{"line":284,"column":29},"end":{"line":295,"column":8}},"100":{"start":{"line":297,"column":18},"end":{"line":297,"column":90}},"101":{"start":{"line":298,"column":6},"end":{"line":298,"column":48}},"102":{"start":{"line":299,"column":6},"end":{"line":299,"column":89}},"103":{"start":{"line":300,"column":6},"end":{"line":300,"column":20}},"104":{"start":{"line":302,"column":6},"end":{"line":302,"column":54}},"105":{"start":{"line":303,"column":6},"end":{"line":303,"column":88}},"106":{"start":{"line":320,"column":0},"end":{"line":341,"column":2}},"107":{"start":{"line":321,"column":4},"end":{"line":340,"column":5}},"108":{"start":{"line":322,"column":23},"end":{"line":334,"column":10}},"109":{"start":{"line":336,"column":8},"end":{"line":336,"column":23}},"110":{"start":{"line":338,"column":8},"end":{"line":338,"column":72}},"111":{"start":{"line":339,"column":8},"end":{"line":339,"column":82}},"112":{"start":{"line":345,"column":0},"end":{"line":380,"column":2}},"113":{"start":{"line":346,"column":2},"end":{"line":379,"column":3}},"114":{"start":{"line":347,"column":19},"end":{"line":359,"column":6}},"115":{"start":{"line":361,"column":27},"end":{"line":370,"column":8}},"116":{"start":{"line":372,"column":16},"end":{"line":372,"column":88}},"117":{"start":{"line":373,"column":4},"end":{"line":373,"column":46}},"118":{"start":{"line":374,"column":4},"end":{"line":374,"column":93}},"119":{"start":{"line":375,"column":4},"end":{"line":375,"column":18}},"120":{"start":{"line":377,"column":4},"end":{"line":377,"column":52}},"121":{"start":{"line":378,"column":4},"end":{"line":378,"column":86}}},"fnMap":{"0":{"name":"(anonymous_0)","decl":{"start":{"line":9,"column":25},"end":{"line":9,"column":26}},"loc":{"start":{"line":9,"column":45},"end":{"line":23,"column":1}},"line":9},"1":{"name":"(anonymous_1)","decl":{"start":{"line":14,"column":21},"end":{"line":14,"column":22}},"loc":{"start":{"line":14,"column":30},"end":{"line":16,"column":9}},"line":14},"2":{"name":"(anonymous_2)","decl":{"start":{"line":43,"column":27},"end":{"line":43,"column":28}},"loc":{"start":{"line":43,"column":47},"end":{"line":90,"column":1}},"line":43},"3":{"name":"(anonymous_3)","decl":{"start":{"line":71,"column":20},"end":{"line":71,"column":21}},"loc":{"start":{"line":71,"column":29},"end":{"line":71,"column":63}},"line":71},"4":{"name":"(anonymous_4)","decl":{"start":{"line":97,"column":27},"end":{"line":97,"column":28}},"loc":{"start":{"line":97,"column":47},"end":{"line":119,"column":1}},"line":97},"5":{"name":"(anonymous_5)","decl":{"start":{"line":125,"column":33},"end":{"line":125,"column":34}},"loc":{"start":{"line":125,"column":53},"end":{"line":177,"column":1}},"line":125},"6":{"name":"(anonymous_6)","decl":{"start":{"line":144,"column":83},"end":{"line":144,"column":84}},"loc":{"start":{"line":144,"column":88},"end":{"line":144,"column":96}},"line":144},"7":{"name":"(anonymous_7)","decl":{"start":{"line":154,"column":44},"end":{"line":154,"column":45}},"loc":{"start":{"line":154,"column":53},"end":{"line":160,"column":9}},"line":154},"8":{"name":"(anonymous_8)","decl":{"start":{"line":155,"column":69},"end":{"line":155,"column":70}},"loc":{"start":{"line":155,"column":74},"end":{"line":155,"column":82}},"line":155},"9":{"name":"(anonymous_9)","decl":{"start":{"line":159,"column":36},"end":{"line":159,"column":37}},"loc":{"start":{"line":159,"column":45},"end":{"line":159,"column":76}},"line":159},"10":{"name":"(anonymous_10)","decl":{"start":{"line":168,"column":45},"end":{"line":168,"column":46}},"loc":{"start":{"line":168,"column":55},"end":{"line":171,"column":13}},"line":168},"11":{"name":"(anonymous_11)","decl":{"start":{"line":179,"column":33},"end":{"line":179,"column":34}},"loc":{"start":{"line":179,"column":53},"end":{"line":210,"column":1}},"line":179},"12":{"name":"(anonymous_12)","decl":{"start":{"line":214,"column":24},"end":{"line":214,"column":25}},"loc":{"start":{"line":214,"column":44},"end":{"line":222,"column":1}},"line":214},"13":{"name":"(anonymous_13)","decl":{"start":{"line":235,"column":30},"end":{"line":235,"column":31}},"loc":{"start":{"line":235,"column":50},"end":{"line":262,"column":1}},"line":235},"14":{"name":"(anonymous_14)","decl":{"start":{"line":265,"column":31},"end":{"line":265,"column":32}},"loc":{"start":{"line":265,"column":51},"end":{"line":305,"column":3}},"line":265},"15":{"name":"(anonymous_15)","decl":{"start":{"line":320,"column":43},"end":{"line":320,"column":44}},"loc":{"start":{"line":320,"column":63},"end":{"line":341,"column":1}},"line":320},"16":{"name":"(anonymous_16)","decl":{"start":{"line":345,"column":33},"end":{"line":345,"column":34}},"loc":{"start":{"line":345,"column":53},"end":{"line":380,"column":1}},"line":345}},"branchMap":{"0":{"loc":{"start":{"line":56,"column":4},"end":{"line":58,"column":5}},"type":"if","locations":[{"start":{"line":56,"column":4},"end":{"line":58,"column":5}},{"start":{},"end":{}}],"line":56},"1":{"loc":{"start":{"line":56,"column":8},"end":{"line":56,"column":122}},"type":"binary-expr","locations":[{"start":{"line":56,"column":8},"end":{"line":56,"column":19}},{"start":{"line":56,"column":23},"end":{"line":56,"column":28}},{"start":{"line":56,"column":32},"end":{"line":56,"column":44}},{"start":{"line":56,"column":48},"end":{"line":56,"column":62}},{"start":{"line":56,"column":66},"end":{"line":56,"column":86}},{"start":{"line":56,"column":90},"end":{"line":56,"column":101}},{"start":{"line":56,"column":105},"end":{"line":56,"column":110}},{"start":{"line":56,"column":114},"end":{"line":56,"column":122}}],"line":56},"2":{"loc":{"start":{"line":60,"column":4},"end":{"line":62,"column":5}},"type":"if","locations":[{"start":{"line":60,"column":4},"end":{"line":62,"column":5}},{"start":{},"end":{}}],"line":60},"3":{"loc":{"start":{"line":64,"column":4},"end":{"line":66,"column":5}},"type":"if","locations":[{"start":{"line":64,"column":4},"end":{"line":66,"column":5}},{"start":{},"end":{}}],"line":64},"4":{"loc":{"start":{"line":69,"column":28},"end":{"line":69,"column":96}},"type":"cond-expr","locations":[{"start":{"line":69,"column":61},"end":{"line":69,"column":76}},{"start":{"line":69,"column":79},"end":{"line":69,"column":96}}],"line":69},"5":{"loc":{"start":{"line":74,"column":8},"end":{"line":76,"column":9}},"type":"if","locations":[{"start":{"line":74,"column":8},"end":{"line":76,"column":9}},{"start":{},"end":{}}],"line":74},"6":{"loc":{"start":{"line":104,"column":8},"end":{"line":106,"column":9}},"type":"if","locations":[{"start":{"line":104,"column":8},"end":{"line":106,"column":9}},{"start":{},"end":{}}],"line":104},"7":{"loc":{"start":{"line":128,"column":4},"end":{"line":130,"column":5}},"type":"if","locations":[{"start":{"line":128,"column":4},"end":{"line":130,"column":5}},{"start":{},"end":{}}],"line":128},"8":{"loc":{"start":{"line":139,"column":8},"end":{"line":141,"column":9}},"type":"if","locations":[{"start":{"line":139,"column":8},"end":{"line":141,"column":9}},{"start":{},"end":{}}],"line":139},"9":{"loc":{"start":{"line":139,"column":12},"end":{"line":139,"column":65}},"type":"binary-expr","locations":[{"start":{"line":139,"column":12},"end":{"line":139,"column":38}},{"start":{"line":139,"column":42},"end":{"line":139,"column":65}}],"line":139},"10":{"loc":{"start":{"line":144,"column":32},"end":{"line":144,"column":110}},"type":"cond-expr","locations":[{"start":{"line":144,"column":51},"end":{"line":144,"column":97}},{"start":{"line":144,"column":100},"end":{"line":144,"column":110}}],"line":144},"11":{"loc":{"start":{"line":157,"column":12},"end":{"line":157,"column":64}},"type":"if","locations":[{"start":{"line":157,"column":12},"end":{"line":157,"column":64}},{"start":{},"end":{}}],"line":157},"12":{"loc":{"start":{"line":163,"column":8},"end":{"line":165,"column":9}},"type":"if","locations":[{"start":{"line":163,"column":8},"end":{"line":165,"column":9}},{"start":{},"end":{}}],"line":163},"13":{"loc":{"start":{"line":182,"column":4},"end":{"line":184,"column":5}},"type":"if","locations":[{"start":{"line":182,"column":4},"end":{"line":184,"column":5}},{"start":{},"end":{}}],"line":182},"14":{"loc":{"start":{"line":182,"column":8},"end":{"line":182,"column":34}},"type":"binary-expr","locations":[{"start":{"line":182,"column":8},"end":{"line":182,"column":22}},{"start":{"line":182,"column":26},"end":{"line":182,"column":34}}],"line":182},"15":{"loc":{"start":{"line":192,"column":8},"end":{"line":194,"column":9}},"type":"if","locations":[{"start":{"line":192,"column":8},"end":{"line":194,"column":9}},{"start":{},"end":{}}],"line":192}},"s":{"0":1,"1":1,"2":1,"3":1,"4":1,"5":1,"6":1,"7":1,"8":1,"9":50,"10":1,"11":0,"12":0,"13":1,"14":1,"15":1,"16":1,"17":5,"18":5,"19":5,"20":0,"21":0,"22":0,"23":0,"24":0,"25":0,"26":0,"27":0,"28":0,"29":0,"30":0,"31":0,"32":0,"33":0,"34":1,"35":2,"36":2,"37":2,"38":2,"39":2,"40":0,"41":0,"42":0,"43":0,"44":0,"45":1,"46":3,"47":3,"48":1,"49":2,"50":2,"51":2,"52":1,"53":1,"54":1,"55":1,"56":1,"57":1,"58":1,"59":50,"60":53,"61":50,"62":0,"63":50,"64":53,"65":1,"66":1,"67":0,"68":0,"69":0,"70":0,"71":1,"72":0,"73":0,"74":0,"75":0,"76":0,"77":0,"78":0,"79":0,"80":0,"81":0,"82":0,"83":0,"84":1,"85":2,"86":2,"87":1,"88":1,"89":1,"90":1,"91":0,"92":0,"93":0,"94":0,"95":0,"96":1,"97":0,"98":0,"99":0,"100":0,"101":0,"102":0,"103":0,"104":0,"105":0,"106":1,"107":0,"108":0,"109":0,"110":0,"111":0,"112":1,"113":0,"114":0,"115":0,"116":0,"117":0,"118":0,"119":0,"120":0,"121":0},"f":{"0":1,"1":50,"2":5,"3":0,"4":2,"5":3,"6":1,"7":50,"8":53,"9":53,"10":0,"11":0,"12":2,"13":0,"14":0,"15":0,"16":0},"b":{"0":[5,0],"1":[5,5,4,4,0,0,0,0],"2":[0,0],"3":[0,0],"4":[0,0],"5":[0,0],"6":[2,0],"7":[1,2],"8":[1,1],"9":[2,2],"10":[1,0],"11":[0,50],"12":[1,0],"13":[0,0],"14":[0,0],"15":[0,0]},"_coverageSchema":"1a1c01bbd47fc00a2c39e90264f33305004495a9","hash":"5c802a3a7416f71f4f459fb54a5e9cfe3995c8cd"}
,"/Users/ethanma/Desktop/volunteer-web-app/backend/controllers/profileController.js": {"path":"/Users/ethanma/Desktop/volunteer-web-app/backend/controllers/profileController.js","statementMap":{"0":{"start":{"line":1,"column":15},"end":{"line":1,"column":31}},"1":{"start":{"line":3,"column":0},"end":{"line":37,"column":2}},"2":{"start":{"line":4,"column":4},"end":{"line":4,"column":54}},"3":{"start":{"line":6,"column":103},"end":{"line":6,"column":111}},"4":{"start":{"line":7,"column":17},"end":{"line":7,"column":19}},"5":{"start":{"line":9,"column":4},"end":{"line":11,"column":5}},"6":{"start":{"line":10,"column":8},"end":{"line":10,"column":77}},"7":{"start":{"line":12,"column":4},"end":{"line":14,"column":5}},"8":{"start":{"line":13,"column":8},"end":{"line":13,"column":83}},"9":{"start":{"line":15,"column":4},"end":{"line":17,"column":5}},"10":{"start":{"line":16,"column":8},"end":{"line":16,"column":78}},"11":{"start":{"line":18,"column":4},"end":{"line":20,"column":5}},"12":{"start":{"line":19,"column":8},"end":{"line":19,"column":52}},"13":{"start":{"line":21,"column":4},"end":{"line":23,"column":5}},"14":{"start":{"line":22,"column":8},"end":{"line":22,"column":71}},"15":{"start":{"line":24,"column":4},"end":{"line":26,"column":5}},"16":{"start":{"line":25,"column":8},"end":{"line":25,"column":60}},"17":{"start":{"line":27,"column":4},"end":{"line":29,"column":5}},"18":{"start":{"line":28,"column":8},"end":{"line":28,"column":72}},"19":{"start":{"line":31,"column":4},"end":{"line":34,"column":5}},"20":{"start":{"line":32,"column":8},"end":{"line":32,"column":50}},"21":{"start":{"line":33,"column":8},"end":{"line":33,"column":48}},"22":{"start":{"line":35,"column":4},"end":{"line":35,"column":41}},"23":{"start":{"line":36,"column":4},"end":{"line":36,"column":11}},"24":{"start":{"line":39,"column":0},"end":{"line":95,"column":2}},"25":{"start":{"line":40,"column":103},"end":{"line":40,"column":111}},"26":{"start":{"line":41,"column":4},"end":{"line":41,"column":92}},"27":{"start":{"line":43,"column":19},"end":{"line":43,"column":20}},"28":{"start":{"line":45,"column":25},"end":{"line":45,"column":74}},"29":{"start":{"line":46,"column":31},"end":{"line":46,"column":113}},"30":{"start":{"line":48,"column":21},"end":{"line":64,"column":5}},"31":{"start":{"line":66,"column":19},"end":{"line":77,"column":5}},"32":{"start":{"line":79,"column":4},"end":{"line":79,"column":54}},"33":{"start":{"line":81,"column":4},"end":{"line":94,"column":5}},"34":{"start":{"line":82,"column":25},"end":{"line":82,"column":61}},"35":{"start":{"line":83,"column":8},"end":{"line":83,"column":59}},"36":{"start":{"line":84,"column":8},"end":{"line":87,"column":11}},"37":{"start":{"line":89,"column":8},"end":{"line":89,"column":52}},"38":{"start":{"line":90,"column":8},"end":{"line":93,"column":11}}},"fnMap":{"0":{"name":"(anonymous_0)","decl":{"start":{"line":3,"column":26},"end":{"line":3,"column":27}},"loc":{"start":{"line":3,"column":46},"end":{"line":37,"column":1}},"line":3},"1":{"name":"(anonymous_1)","decl":{"start":{"line":39,"column":34},"end":{"line":39,"column":35}},"loc":{"start":{"line":39,"column":54},"end":{"line":95,"column":1}},"line":39}},"branchMap":{"0":{"loc":{"start":{"line":9,"column":4},"end":{"line":11,"column":5}},"type":"if","locations":[{"start":{"line":9,"column":4},"end":{"line":11,"column":5}},{"start":{},"end":{}}],"line":9},"1":{"loc":{"start":{"line":9,"column":8},"end":{"line":9,"column":33}},"type":"binary-expr","locations":[{"start":{"line":9,"column":8},"end":{"line":9,"column":13}},{"start":{"line":9,"column":17},"end":{"line":9,"column":33}}],"line":9},"2":{"loc":{"start":{"line":12,"column":4},"end":{"line":14,"column":5}},"type":"if","locations":[{"start":{"line":12,"column":4},"end":{"line":14,"column":5}},{"start":{},"end":{}}],"line":12},"3":{"loc":{"start":{"line":12,"column":8},"end":{"line":12,"column":42}},"type":"binary-expr","locations":[{"start":{"line":12,"column":8},"end":{"line":12,"column":17}},{"start":{"line":12,"column":21},"end":{"line":12,"column":42}}],"line":12},"4":{"loc":{"start":{"line":15,"column":4},"end":{"line":17,"column":5}},"type":"if","locations":[{"start":{"line":15,"column":4},"end":{"line":17,"column":5}},{"start":{},"end":{}}],"line":15},"5":{"loc":{"start":{"line":15,"column":8},"end":{"line":15,"column":34}},"type":"binary-expr","locations":[{"start":{"line":15,"column":8},"end":{"line":15,"column":13}},{"start":{"line":15,"column":17},"end":{"line":15,"column":34}}],"line":15},"6":{"loc":{"start":{"line":18,"column":4},"end":{"line":20,"column":5}},"type":"if","locations":[{"start":{"line":18,"column":4},"end":{"line":20,"column":5}},{"start":{},"end":{}}],"line":18},"7":{"loc":{"start":{"line":21,"column":4},"end":{"line":23,"column":5}},"type":"if","locations":[{"start":{"line":21,"column":4},"end":{"line":23,"column":5}},{"start":{},"end":{}}],"line":21},"8":{"loc":{"start":{"line":21,"column":8},"end":{"line":21,"column":59}},"type":"binary-expr","locations":[{"start":{"line":21,"column":8},"end":{"line":21,"column":16}},{"start":{"line":21,"column":20},"end":{"line":21,"column":59}}],"line":21},"9":{"loc":{"start":{"line":24,"column":4},"end":{"line":26,"column":5}},"type":"if","locations":[{"start":{"line":24,"column":4},"end":{"line":26,"column":5}},{"start":{},"end":{}}],"line":24},"10":{"loc":{"start":{"line":24,"column":8},"end":{"line":24,"column":38}},"type":"binary-expr","locations":[{"start":{"line":24,"column":8},"end":{"line":24,"column":15}},{"start":{"line":24,"column":19},"end":{"line":24,"column":38}}],"line":24},"11":{"loc":{"start":{"line":27,"column":4},"end":{"line":29,"column":5}},"type":"if","locations":[{"start":{"line":27,"column":4},"end":{"line":29,"column":5}},{"start":{},"end":{}}],"line":27},"12":{"loc":{"start":{"line":27,"column":8},"end":{"line":27,"column":60}},"type":"binary-expr","locations":[{"start":{"line":27,"column":8},"end":{"line":27,"column":26}},{"start":{"line":27,"column":30},"end":{"line":27,"column":60}}],"line":27},"13":{"loc":{"start":{"line":31,"column":4},"end":{"line":34,"column":5}},"type":"if","locations":[{"start":{"line":31,"column":4},"end":{"line":34,"column":5}},{"start":{},"end":{}}],"line":31},"14":{"loc":{"start":{"line":45,"column":25},"end":{"line":45,"column":74}},"type":"cond-expr","locations":[{"start":{"line":45,"column":49},"end":{"line":45,"column":65}},{"start":{"line":45,"column":68},"end":{"line":45,"column":74}}],"line":45},"15":{"loc":{"start":{"line":46,"column":31},"end":{"line":46,"column":113}},"type":"cond-expr","locations":[{"start":{"line":46,"column":66},"end":{"line":46,"column":93}},{"start":{"line":46,"column":96},"end":{"line":46,"column":113}}],"line":46},"16":{"loc":{"start":{"line":70,"column":8},"end":{"line":70,"column":24}},"type":"binary-expr","locations":[{"start":{"line":70,"column":8},"end":{"line":70,"column":16}},{"start":{"line":70,"column":20},"end":{"line":70,"column":24}}],"line":70},"17":{"loc":{"start":{"line":75,"column":8},"end":{"line":75,"column":27}},"type":"binary-expr","locations":[{"start":{"line":75,"column":8},"end":{"line":75,"column":19}},{"start":{"line":75,"column":23},"end":{"line":75,"column":27}}],"line":75}},"s":{"0":1,"1":1,"2":9,"3":9,"4":9,"5":9,"6":0,"7":9,"8":1,"9":9,"10":1,"11":9,"12":0,"13":9,"14":0,"15":9,"16":0,"17":9,"18":1,"19":9,"20":3,"21":3,"22":6,"23":6,"24":1,"25":6,"26":6,"27":6,"28":6,"29":6,"30":6,"31":6,"32":6,"33":6,"34":6,"35":0,"36":0,"37":6,"38":6},"f":{"0":9,"1":6},"b":{"0":[0,9],"1":[9,9],"2":[1,8],"3":[9,9],"4":[1,8],"5":[9,9],"6":[0,9],"7":[0,9],"8":[9,9],"9":[0,9],"10":[9,9],"11":[1,8],"12":[9,9],"13":[3,6],"14":[5,1],"15":[6,0],"16":[6,5],"17":[6,5]},"_coverageSchema":"1a1c01bbd47fc00a2c39e90264f33305004495a9","hash":"02605ac127585359aafcb978ecf12f07229adaab"}
,"/Users/ethanma/Desktop/volunteer-web-app/backend/controllers/volunteer-controllers.js": {"path":"/Users/ethanma/Desktop/volunteer-web-app/backend/controllers/volunteer-controllers.js","statementMap":{"0":{"start":{"line":3,"column":15},"end":{"line":3,"column":31}},"1":{"start":{"line":5,"column":0},"end":{"line":31,"column":2}},"2":{"start":{"line":6,"column":23},"end":{"line":6,"column":32}},"3":{"start":{"line":8,"column":4},"end":{"line":30,"column":5}},"4":{"start":{"line":9,"column":32},"end":{"line":9,"column":279}},"5":{"start":{"line":11,"column":33},"end":{"line":24,"column":11}},"6":{"start":{"line":11,"column":61},"end":{"line":24,"column":9}},"7":{"start":{"line":26,"column":8},"end":{"line":26,"column":35}},"8":{"start":{"line":28,"column":8},"end":{"line":28,"column":29}},"9":{"start":{"line":29,"column":8},"end":{"line":29,"column":55}},"10":{"start":{"line":33,"column":0},"end":{"line":60,"column":1}},"11":{"start":{"line":34,"column":23},"end":{"line":34,"column":32}},"12":{"start":{"line":36,"column":4},"end":{"line":59,"column":5}},"13":{"start":{"line":37,"column":28},"end":{"line":37,"column":163}},"14":{"start":{"line":39,"column":29},"end":{"line":53,"column":11}},"15":{"start":{"line":39,"column":53},"end":{"line":53,"column":9}},"16":{"start":{"line":55,"column":8},"end":{"line":55,"column":31}},"17":{"start":{"line":57,"column":8},"end":{"line":57,"column":29}},"18":{"start":{"line":58,"column":8},"end":{"line":58,"column":55}},"19":{"start":{"line":62,"column":0},"end":{"line":81,"column":1}},"20":{"start":{"line":63,"column":23},"end":{"line":63,"column":32}},"21":{"start":{"line":65,"column":4},"end":{"line":80,"column":5}},"22":{"start":{"line":66,"column":23},"end":{"line":66,"column":98}},"23":{"start":{"line":68,"column":8},"end":{"line":70,"column":9}},"24":{"start":{"line":69,"column":12},"end":{"line":69,"column":69}},"25":{"start":{"line":72,"column":25},"end":{"line":74,"column":9}},"26":{"start":{"line":76,"column":8},"end":{"line":76,"column":27}},"27":{"start":{"line":78,"column":8},"end":{"line":78,"column":29}},"28":{"start":{"line":79,"column":8},"end":{"line":79,"column":55}},"29":{"start":{"line":83,"column":0},"end":{"line":94,"column":1}},"30":{"start":{"line":84,"column":32},"end":{"line":84,"column":40}},"31":{"start":{"line":86,"column":4},"end":{"line":93,"column":5}},"32":{"start":{"line":87,"column":8},"end":{"line":87,"column":128}},"33":{"start":{"line":89,"column":8},"end":{"line":89,"column":78}},"34":{"start":{"line":91,"column":8},"end":{"line":91,"column":29}},"35":{"start":{"line":92,"column":8},"end":{"line":92,"column":55}},"36":{"start":{"line":96,"column":0},"end":{"line":107,"column":1}},"37":{"start":{"line":97,"column":32},"end":{"line":97,"column":40}},"38":{"start":{"line":99,"column":4},"end":{"line":106,"column":5}},"39":{"start":{"line":100,"column":8},"end":{"line":100,"column":109}},"40":{"start":{"line":102,"column":8},"end":{"line":102,"column":76}},"41":{"start":{"line":104,"column":8},"end":{"line":104,"column":29}},"42":{"start":{"line":105,"column":8},"end":{"line":105,"column":55}},"43":{"start":{"line":109,"column":0},"end":{"line":120,"column":1}},"44":{"start":{"line":110,"column":24},"end":{"line":110,"column":32}},"45":{"start":{"line":112,"column":4},"end":{"line":119,"column":5}},"46":{"start":{"line":113,"column":8},"end":{"line":113,"column":104}},"47":{"start":{"line":115,"column":8},"end":{"line":115,"column":74}},"48":{"start":{"line":117,"column":8},"end":{"line":117,"column":29}},"49":{"start":{"line":118,"column":8},"end":{"line":118,"column":55}},"50":{"start":{"line":122,"column":0},"end":{"line":146,"column":1}},"51":{"start":{"line":123,"column":23},"end":{"line":123,"column":32}},"52":{"start":{"line":125,"column":4},"end":{"line":145,"column":5}},"53":{"start":{"line":127,"column":32},"end":{"line":127,"column":272}},"54":{"start":{"line":129,"column":8},"end":{"line":131,"column":9}},"55":{"start":{"line":130,"column":12},"end":{"line":130,"column":80}},"56":{"start":{"line":133,"column":34},"end":{"line":139,"column":11}},"57":{"start":{"line":133,"column":69},"end":{"line":139,"column":9}},"58":{"start":{"line":141,"column":8},"end":{"line":141,"column":36}},"59":{"start":{"line":143,"column":8},"end":{"line":143,"column":29}},"60":{"start":{"line":144,"column":8},"end":{"line":144,"column":55}}},"fnMap":{"0":{"name":"(anonymous_0)","decl":{"start":{"line":5,"column":30},"end":{"line":5,"column":31}},"loc":{"start":{"line":5,"column":50},"end":{"line":31,"column":1}},"line":5},"1":{"name":"(anonymous_1)","decl":{"start":{"line":11,"column":51},"end":{"line":11,"column":52}},"loc":{"start":{"line":11,"column":61},"end":{"line":24,"column":9}},"line":11},"2":{"name":"(anonymous_2)","decl":{"start":{"line":33,"column":25},"end":{"line":33,"column":26}},"loc":{"start":{"line":33,"column":45},"end":{"line":60,"column":1}},"line":33},"3":{"name":"(anonymous_3)","decl":{"start":{"line":39,"column":43},"end":{"line":39,"column":44}},"loc":{"start":{"line":39,"column":53},"end":{"line":53,"column":9}},"line":39},"4":{"name":"(anonymous_4)","decl":{"start":{"line":62,"column":20},"end":{"line":62,"column":21}},"loc":{"start":{"line":62,"column":40},"end":{"line":81,"column":1}},"line":62},"5":{"name":"(anonymous_5)","decl":{"start":{"line":83,"column":20},"end":{"line":83,"column":21}},"loc":{"start":{"line":83,"column":40},"end":{"line":94,"column":1}},"line":83},"6":{"name":"(anonymous_6)","decl":{"start":{"line":96,"column":23},"end":{"line":96,"column":24}},"loc":{"start":{"line":96,"column":43},"end":{"line":107,"column":1}},"line":96},"7":{"name":"(anonymous_7)","decl":{"start":{"line":109,"column":19},"end":{"line":109,"column":20}},"loc":{"start":{"line":109,"column":39},"end":{"line":120,"column":1}},"line":109},"8":{"name":"(anonymous_8)","decl":{"start":{"line":122,"column":29},"end":{"line":122,"column":30}},"loc":{"start":{"line":122,"column":49},"end":{"line":146,"column":1}},"line":122},"9":{"name":"(anonymous_9)","decl":{"start":{"line":133,"column":52},"end":{"line":133,"column":53}},"loc":{"start":{"line":133,"column":69},"end":{"line":139,"column":9}},"line":133}},"branchMap":{"0":{"loc":{"start":{"line":68,"column":8},"end":{"line":70,"column":9}},"type":"if","locations":[{"start":{"line":68,"column":8},"end":{"line":70,"column":9}},{"start":{},"end":{}}],"line":68},"1":{"loc":{"start":{"line":68,"column":12},"end":{"line":68,"column":38}},"type":"binary-expr","locations":[{"start":{"line":68,"column":12},"end":{"line":68,"column":17}},{"start":{"line":68,"column":21},"end":{"line":68,"column":38}}],"line":68},"2":{"loc":{"start":{"line":129,"column":8},"end":{"line":131,"column":9}},"type":"if","locations":[{"start":{"line":129,"column":8},"end":{"line":131,"column":9}},{"start":{},"end":{}}],"line":129},"3":{"loc":{"start":{"line":129,"column":12},"end":{"line":129,"column":56}},"type":"binary-expr","locations":[{"start":{"line":129,"column":12},"end":{"line":129,"column":26}},{"start":{"line":129,"column":30},"end":{"line":129,"column":56}}],"line":129}},"s":{"0":1,"1":1,"2":1,"3":1,"4":1,"5":1,"6":0,"7":1,"8":0,"9":0,"10":1,"11":1,"12":1,"13":1,"14":1,"15":49,"16":1,"17":0,"18":0,"19":1,"20":1,"21":1,"22":1,"23":1,"24":0,"25":1,"26":1,"27":0,"28":0,"29":1,"30":1,"31":1,"32":1,"33":1,"34":0,"35":0,"36":1,"37":1,"38":1,"39":1,"40":0,"41":1,"42":1,"43":1,"44":1,"45":1,"46":1,"47":1,"48":0,"49":0,"50":1,"51":1,"52":1,"53":1,"54":1,"55":0,"56":1,"57":1,"58":1,"59":0,"60":0},"f":{"0":1,"1":0,"2":1,"3":49,"4":1,"5":1,"6":1,"7":1,"8":1,"9":1},"b":{"0":[0,1],"1":[1,1],"2":[0,1],"3":[1,1]},"_coverageSchema":"1a1c01bbd47fc00a2c39e90264f33305004495a9","hash":"8885236599519602cf6a31a64715d4f62b8f9764"}
,"/Users/ethanma/Desktop/volunteer-web-app/backend/routes/adminRoutes.js": {"path":"/Users/ethanma/Desktop/volunteer-web-app/backend/routes/adminRoutes.js","statementMap":{"0":{"start":{"line":1,"column":16},"end":{"line":1,"column":34}},"1":{"start":{"line":12,"column":4},"end":{"line":12,"column":45}},"2":{"start":{"line":15,"column":15},"end":{"line":15,"column":31}},"3":{"start":{"line":18,"column":0},"end":{"line":18,"column":41}},"4":{"start":{"line":21,"column":0},"end":{"line":21,"column":38}},"5":{"start":{"line":24,"column":0},"end":{"line":24,"column":47}},"6":{"start":{"line":27,"column":0},"end":{"line":27,"column":56}},"7":{"start":{"line":28,"column":0},"end":{"line":28,"column":57}},"8":{"start":{"line":30,"column":0},"end":{"line":30,"column":41}},"9":{"start":{"line":32,"column":0},"end":{"line":32,"column":71}},"10":{"start":{"line":34,"column":0},"end":{"line":34,"column":54}},"11":{"start":{"line":36,"column":0},"end":{"line":36,"column":66}},"12":{"start":{"line":37,"column":0},"end":{"line":37,"column":72}},"13":{"start":{"line":40,"column":0},"end":{"line":40,"column":24}}},"fnMap":{},"branchMap":{},"s":{"0":1,"1":1,"2":1,"3":1,"4":1,"5":1,"6":1,"7":1,"8":1,"9":1,"10":1,"11":1,"12":1,"13":1},"f":{},"b":{},"_coverageSchema":"1a1c01bbd47fc00a2c39e90264f33305004495a9","hash":"971de92b4fc9f04ec3dd805001346b04c49ef4a1"}
,"/Users/ethanma/Desktop/volunteer-web-app/backend/routes/profileRoutes.js": {"path":"/Users/ethanma/Desktop/volunteer-web-app/backend/routes/profileRoutes.js","statementMap":{"0":{"start":{"line":1,"column":16},"end":{"line":1,"column":34}},"1":{"start":{"line":2,"column":53},"end":{"line":2,"column":96}},"2":{"start":{"line":3,"column":15},"end":{"line":3,"column":31}},"3":{"start":{"line":5,"column":0},"end":{"line":5,"column":71}},"4":{"start":{"line":7,"column":0},"end":{"line":9,"column":3}},"5":{"start":{"line":8,"column":4},"end":{"line":8,"column":43}},"6":{"start":{"line":12,"column":0},"end":{"line":18,"column":3}},"7":{"start":{"line":13,"column":4},"end":{"line":13,"column":57}},"8":{"start":{"line":14,"column":4},"end":{"line":17,"column":7}},"9":{"start":{"line":19,"column":0},"end":{"line":19,"column":24}}},"fnMap":{"0":{"name":"(anonymous_0)","decl":{"start":{"line":7,"column":20},"end":{"line":7,"column":21}},"loc":{"start":{"line":7,"column":34},"end":{"line":9,"column":1}},"line":7},"1":{"name":"(anonymous_1)","decl":{"start":{"line":12,"column":29},"end":{"line":12,"column":30}},"loc":{"start":{"line":12,"column":43},"end":{"line":18,"column":1}},"line":12}},"branchMap":{},"s":{"0":1,"1":1,"2":1,"3":1,"4":1,"5":1,"6":1,"7":1,"8":1,"9":1},"f":{"0":1,"1":1},"b":{},"_coverageSchema":"1a1c01bbd47fc00a2c39e90264f33305004495a9","hash":"e91d8c5fcdf23f6756646f74099076839e14b1f5"}
,"/Users/ethanma/Desktop/volunteer-web-app/backend/routes/volunteer-routes.js": {"path":"/Users/ethanma/Desktop/volunteer-web-app/backend/routes/volunteer-routes.js","statementMap":{"0":{"start":{"line":10,"column":16},"end":{"line":10,"column":34}},"1":{"start":{"line":11,"column":15},"end":{"line":11,"column":31}},"2":{"start":{"line":13,"column":114},"end":{"line":13,"column":161}},"3":{"start":{"line":16,"column":0},"end":{"line":16,"column":45}},"4":{"start":{"line":18,"column":0},"end":{"line":18,"column":31}},"5":{"start":{"line":20,"column":0},"end":{"line":20,"column":31}},"6":{"start":{"line":22,"column":0},"end":{"line":22,"column":36}},"7":{"start":{"line":24,"column":0},"end":{"line":24,"column":34}},"8":{"start":{"line":26,"column":0},"end":{"line":26,"column":49}},"9":{"start":{"line":28,"column":0},"end":{"line":28,"column":41}},"10":{"start":{"line":31,"column":0},"end":{"line":31,"column":24}}},"fnMap":{},"branchMap":{},"s":{"0":1,"1":1,"2":1,"3":1,"4":1,"5":1,"6":1,"7":1,"8":1,"9":1,"10":1},"f":{},"b":{},"_coverageSchema":"1a1c01bbd47fc00a2c39e90264f33305004495a9","hash":"a77ef2ecd26c502c30145916f8acf91a99375d01"}
}
