{"/Users/ethanma/Desktop/volunteer-web-app/backend/db.js": {"path":"/Users/ethanma/Desktop/volunteer-web-app/backend/db.js","statementMap":{"0":{"start":{"line":1,"column":14},"end":{"line":1,"column":31}},"1":{"start":{"line":2,"column":0},"end":{"line":2,"column":27}},"2":{"start":{"line":4,"column":17},"end":{"line":16,"column":1}},"3":{"start":{"line":18,"column":13},"end":{"line":18,"column":39}},"4":{"start":{"line":19,"column":20},"end":{"line":19,"column":34}},"5":{"start":{"line":21,"column":0},"end":{"line":28,"column":5}},"6":{"start":{"line":23,"column":4},"end":{"line":23,"column":59}},"7":{"start":{"line":24,"column":4},"end":{"line":24,"column":25}},"8":{"start":{"line":27,"column":4},"end":{"line":27,"column":52}},"9":{"start":{"line":30,"column":0},"end":{"line":30,"column":29}}},"fnMap":{"0":{"name":"(anonymous_0)","decl":{"start":{"line":22,"column":8},"end":{"line":22,"column":9}},"loc":{"start":{"line":22,"column":22},"end":{"line":25,"column":3}},"line":22},"1":{"name":"(anonymous_1)","decl":{"start":{"line":26,"column":9},"end":{"line":26,"column":10}},"loc":{"start":{"line":26,"column":16},"end":{"line":28,"column":3}},"line":26}},"branchMap":{"0":{"loc":{"start":{"line":6,"column":8},"end":{"line":6,"column":35}},"type":"binary-expr","locations":[{"start":{"line":6,"column":8},"end":{"line":6,"column":27}},{"start":{"line":6,"column":31},"end":{"line":6,"column":35}}],"line":6}},"s":{"0":2,"1":2,"2":2,"3":2,"4":2,"5":2,"6":1,"7":1,"8":0,"9":2},"f":{"0":1,"1":0},"b":{"0":[2,0]},"_coverageSchema":"1a1c01bbd47fc00a2c39e90264f33305004495a9","hash":"945c062c4f1ac9268befa4d838ef7e097829018a"}
,"/Users/ethanma/Desktop/volunteer-web-app/backend/controllers/adminController.js": {"path":"/Users/ethanma/Desktop/volunteer-web-app/backend/controllers/adminController.js","statementMap":{"0":{"start":{"line":1,"column":11},"end":{"line":1,"column":27}},"1":{"start":{"line":4,"column":0},"end":{"line":18,"column":2}},"2":{"start":{"line":5,"column":4},"end":{"line":17,"column":5}},"3":{"start":{"line":6,"column":23},"end":{"line":6,"column":93}},"4":{"start":{"line":9,"column":8},"end":{"line":11,"column":11}},"5":{"start":{"line":10,"column":12},"end":{"line":10,"column":86}},"6":{"start":{"line":13,"column":8},"end":{"line":13,"column":23}},"7":{"start":{"line":15,"column":8},"end":{"line":15,"column":57}},"8":{"start":{"line":16,"column":8},"end":{"line":16,"column":82}},"9":{"start":{"line":23,"column":20},"end":{"line":34,"column":3}},"10":{"start":{"line":35,"column":23},"end":{"line":35,"column":48}},"11":{"start":{"line":36,"column":19},"end":{"line":36,"column":107}},"12":{"start":{"line":38,"column":0},"end":{"line":78,"column":2}},"13":{"start":{"line":39,"column":106},"end":{"line":39,"column":114}},"14":{"start":{"line":42,"column":4},"end":{"line":44,"column":5}},"15":{"start":{"line":43,"column":8},"end":{"line":43,"column":76}},"16":{"start":{"line":47,"column":4},"end":{"line":49,"column":5}},"17":{"start":{"line":48,"column":8},"end":{"line":48,"column":114}},"18":{"start":{"line":51,"column":4},"end":{"line":53,"column":5}},"19":{"start":{"line":52,"column":8},"end":{"line":52,"column":107}},"20":{"start":{"line":55,"column":4},"end":{"line":77,"column":5}},"21":{"start":{"line":57,"column":28},"end":{"line":57,"column":96}},"22":{"start":{"line":58,"column":32},"end":{"line":60,"column":22}},"23":{"start":{"line":59,"column":29},"end":{"line":59,"column":63}},"24":{"start":{"line":62,"column":8},"end":{"line":64,"column":9}},"25":{"start":{"line":63,"column":12},"end":{"line":63,"column":89}},"26":{"start":{"line":66,"column":25},"end":{"line":71,"column":9}},"27":{"start":{"line":73,"column":8},"end":{"line":73,"column":98}},"28":{"start":{"line":75,"column":8},"end":{"line":75,"column":56}},"29":{"start":{"line":76,"column":8},"end":{"line":76,"column":82}},"30":{"start":{"line":84,"column":0},"end":{"line":106,"column":2}},"31":{"start":{"line":85,"column":20},"end":{"line":85,"column":33}},"32":{"start":{"line":87,"column":4},"end":{"line":105,"column":5}},"33":{"start":{"line":89,"column":29},"end":{"line":89,"column":109}},"34":{"start":{"line":91,"column":8},"end":{"line":93,"column":9}},"35":{"start":{"line":92,"column":12},"end":{"line":92,"column":72}},"36":{"start":{"line":96,"column":8},"end":{"line":96,"column":83}},"37":{"start":{"line":99,"column":8},"end":{"line":99,"column":81}},"38":{"start":{"line":101,"column":8},"end":{"line":101,"column":86}},"39":{"start":{"line":103,"column":8},"end":{"line":103,"column":54}},"40":{"start":{"line":104,"column":8},"end":{"line":104,"column":60}},"41":{"start":{"line":112,"column":0},"end":{"line":176,"column":2}},"42":{"start":{"line":113,"column":30},"end":{"line":113,"column":38}},"43":{"start":{"line":115,"column":4},"end":{"line":117,"column":5}},"44":{"start":{"line":116,"column":8},"end":{"line":116,"column":79}},"45":{"start":{"line":119,"column":4},"end":{"line":175,"column":5}},"46":{"start":{"line":121,"column":29},"end":{"line":124,"column":9}},"47":{"start":{"line":125,"column":8},"end":{"line":125,"column":56}},"48":{"start":{"line":129,"column":8},"end":{"line":131,"column":9}},"49":{"start":{"line":130,"column":12},"end":{"line":130,"column":76}},"50":{"start":{"line":133,"column":26},"end":{"line":133,"column":39}},"51":{"start":{"line":134,"column":32},"end":{"line":134,"column":91}},"52":{"start":{"line":135,"column":38},"end":{"line":135,"column":78}},"53":{"start":{"line":136,"column":8},"end":{"line":136,"column":100}},"54":{"start":{"line":137,"column":23},"end":{"line":137,"column":39}},"55":{"start":{"line":141,"column":25},"end":{"line":141,"column":136}},"56":{"start":{"line":144,"column":30},"end":{"line":154,"column":10}},"57":{"start":{"line":145,"column":32},"end":{"line":145,"column":72}},"58":{"start":{"line":148,"column":12},"end":{"line":150,"column":13}},"59":{"start":{"line":149,"column":16},"end":{"line":149,"column":28}},"60":{"start":{"line":153,"column":12},"end":{"line":153,"column":78}},"61":{"start":{"line":153,"column":45},"end":{"line":153,"column":76}},"62":{"start":{"line":157,"column":8},"end":{"line":159,"column":9}},"63":{"start":{"line":158,"column":12},"end":{"line":158,"column":73}},"64":{"start":{"line":162,"column":30},"end":{"line":162,"column":46}},"65":{"start":{"line":165,"column":8},"end":{"line":169,"column":10}},"66":{"start":{"line":171,"column":8},"end":{"line":171,"column":61}},"67":{"start":{"line":173,"column":8},"end":{"line":173,"column":67}},"68":{"start":{"line":174,"column":8},"end":{"line":174,"column":60}},"69":{"start":{"line":180,"column":0},"end":{"line":188,"column":2}},"70":{"start":{"line":181,"column":4},"end":{"line":187,"column":5}},"71":{"start":{"line":182,"column":23},"end":{"line":182,"column":67}},"72":{"start":{"line":183,"column":8},"end":{"line":183,"column":39}},"73":{"start":{"line":185,"column":8},"end":{"line":185,"column":59}},"74":{"start":{"line":186,"column":8},"end":{"line":186,"column":60}}},"fnMap":{"0":{"name":"(anonymous_0)","decl":{"start":{"line":4,"column":25},"end":{"line":4,"column":26}},"loc":{"start":{"line":4,"column":45},"end":{"line":18,"column":1}},"line":4},"1":{"name":"(anonymous_1)","decl":{"start":{"line":9,"column":21},"end":{"line":9,"column":22}},"loc":{"start":{"line":9,"column":30},"end":{"line":11,"column":9}},"line":9},"2":{"name":"(anonymous_2)","decl":{"start":{"line":38,"column":27},"end":{"line":38,"column":28}},"loc":{"start":{"line":38,"column":47},"end":{"line":78,"column":1}},"line":38},"3":{"name":"(anonymous_3)","decl":{"start":{"line":59,"column":20},"end":{"line":59,"column":21}},"loc":{"start":{"line":59,"column":29},"end":{"line":59,"column":63}},"line":59},"4":{"name":"(anonymous_4)","decl":{"start":{"line":84,"column":27},"end":{"line":84,"column":28}},"loc":{"start":{"line":84,"column":47},"end":{"line":106,"column":1}},"line":84},"5":{"name":"(anonymous_5)","decl":{"start":{"line":112,"column":33},"end":{"line":112,"column":34}},"loc":{"start":{"line":112,"column":53},"end":{"line":176,"column":1}},"line":112},"6":{"name":"(anonymous_6)","decl":{"start":{"line":144,"column":44},"end":{"line":144,"column":45}},"loc":{"start":{"line":144,"column":53},"end":{"line":154,"column":9}},"line":144},"7":{"name":"(anonymous_7)","decl":{"start":{"line":153,"column":36},"end":{"line":153,"column":37}},"loc":{"start":{"line":153,"column":45},"end":{"line":153,"column":76}},"line":153},"8":{"name":"(anonymous_8)","decl":{"start":{"line":180,"column":24},"end":{"line":180,"column":25}},"loc":{"start":{"line":180,"column":44},"end":{"line":188,"column":1}},"line":180}},"branchMap":{"0":{"loc":{"start":{"line":42,"column":4},"end":{"line":44,"column":5}},"type":"if","locations":[{"start":{"line":42,"column":4},"end":{"line":44,"column":5}},{"start":{},"end":{}}],"line":42},"1":{"loc":{"start":{"line":42,"column":8},"end":{"line":42,"column":99}},"type":"binary-expr","locations":[{"start":{"line":42,"column":8},"end":{"line":42,"column":19}},{"start":{"line":42,"column":23},"end":{"line":42,"column":28}},{"start":{"line":42,"column":32},"end":{"line":42,"column":44}},{"start":{"line":42,"column":48},"end":{"line":42,"column":63}},{"start":{"line":42,"column":67},"end":{"line":42,"column":78}},{"start":{"line":42,"column":82},"end":{"line":42,"column":87}},{"start":{"line":42,"column":91},"end":{"line":42,"column":99}}],"line":42},"2":{"loc":{"start":{"line":47,"column":4},"end":{"line":49,"column":5}},"type":"if","locations":[{"start":{"line":47,"column":4},"end":{"line":49,"column":5}},{"start":{},"end":{}}],"line":47},"3":{"loc":{"start":{"line":51,"column":4},"end":{"line":53,"column":5}},"type":"if","locations":[{"start":{"line":51,"column":4},"end":{"line":53,"column":5}},{"start":{},"end":{}}],"line":51},"4":{"loc":{"start":{"line":57,"column":28},"end":{"line":57,"column":96}},"type":"cond-expr","locations":[{"start":{"line":57,"column":61},"end":{"line":57,"column":76}},{"start":{"line":57,"column":79},"end":{"line":57,"column":96}}],"line":57},"5":{"loc":{"start":{"line":62,"column":8},"end":{"line":64,"column":9}},"type":"if","locations":[{"start":{"line":62,"column":8},"end":{"line":64,"column":9}},{"start":{},"end":{}}],"line":62},"6":{"loc":{"start":{"line":91,"column":8},"end":{"line":93,"column":9}},"type":"if","locations":[{"start":{"line":91,"column":8},"end":{"line":93,"column":9}},{"start":{},"end":{}}],"line":91},"7":{"loc":{"start":{"line":115,"column":4},"end":{"line":117,"column":5}},"type":"if","locations":[{"start":{"line":115,"column":4},"end":{"line":117,"column":5}},{"start":{},"end":{}}],"line":115},"8":{"loc":{"start":{"line":129,"column":8},"end":{"line":131,"column":9}},"type":"if","locations":[{"start":{"line":129,"column":8},"end":{"line":131,"column":9}},{"start":{},"end":{}}],"line":129},"9":{"loc":{"start":{"line":129,"column":12},"end":{"line":129,"column":65}},"type":"binary-expr","locations":[{"start":{"line":129,"column":12},"end":{"line":129,"column":38}},{"start":{"line":129,"column":42},"end":{"line":129,"column":65}}],"line":129},"10":{"loc":{"start":{"line":134,"column":32},"end":{"line":134,"column":91}},"type":"cond-expr","locations":[{"start":{"line":134,"column":51},"end":{"line":134,"column":78}},{"start":{"line":134,"column":81},"end":{"line":134,"column":91}}],"line":134},"11":{"loc":{"start":{"line":135,"column":38},"end":{"line":135,"column":78}},"type":"binary-expr","locations":[{"start":{"line":135,"column":38},"end":{"line":135,"column":60}},{"start":{"line":135,"column":64},"end":{"line":135,"column":78}}],"line":135},"12":{"loc":{"start":{"line":145,"column":33},"end":{"line":145,"column":60}},"type":"binary-expr","locations":[{"start":{"line":145,"column":33},"end":{"line":145,"column":54}},{"start":{"line":145,"column":58},"end":{"line":145,"column":60}}],"line":145},"13":{"loc":{"start":{"line":148,"column":12},"end":{"line":150,"column":13}},"type":"if","locations":[{"start":{"line":148,"column":12},"end":{"line":150,"column":13}},{"start":{},"end":{}}],"line":148},"14":{"loc":{"start":{"line":157,"column":8},"end":{"line":159,"column":9}},"type":"if","locations":[{"start":{"line":157,"column":8},"end":{"line":159,"column":9}},{"start":{},"end":{}}],"line":157}},"s":{"0":1,"1":1,"2":1,"3":1,"4":1,"5":28,"6":1,"7":0,"8":0,"9":1,"10":1,"11":1,"12":1,"13":3,"14":3,"15":1,"16":2,"17":0,"18":2,"19":0,"20":2,"21":2,"22":2,"23":2,"24":2,"25":0,"26":2,"27":2,"28":0,"29":0,"30":1,"31":1,"32":1,"33":1,"34":1,"35":0,"36":1,"37":1,"38":1,"39":0,"40":0,"41":1,"42":1,"43":1,"44":0,"45":1,"46":1,"47":1,"48":1,"49":0,"50":1,"51":1,"52":1,"53":1,"54":1,"55":1,"56":1,"57":28,"58":28,"59":0,"60":28,"61":29,"62":1,"63":1,"64":0,"65":0,"66":0,"67":0,"68":0,"69":1,"70":0,"71":0,"72":0,"73":0,"74":0},"f":{"0":1,"1":28,"2":3,"3":2,"4":1,"5":1,"6":28,"7":29,"8":0},"b":{"0":[1,2],"1":[3,3,2,2,2,2,2],"2":[0,2],"3":[0,2],"4":[2,0],"5":[0,2],"6":[0,1],"7":[0,1],"8":[0,1],"9":[1,1],"10":[1,0],"11":[1,0],"12":[28,0],"13":[0,28],"14":[1,0]},"_coverageSchema":"1a1c01bbd47fc00a2c39e90264f33305004495a9","hash":"1e4f6c22f495054b5131744e601716e049f960de"}
,"/Users/ethanma/Desktop/volunteer-web-app/backend/controllers/profileController.js": {"path":"/Users/ethanma/Desktop/volunteer-web-app/backend/controllers/profileController.js","statementMap":{"0":{"start":{"line":1,"column":15},"end":{"line":1,"column":31}},"1":{"start":{"line":3,"column":0},"end":{"line":37,"column":2}},"2":{"start":{"line":4,"column":4},"end":{"line":4,"column":54}},"3":{"start":{"line":6,"column":103},"end":{"line":6,"column":111}},"4":{"start":{"line":7,"column":17},"end":{"line":7,"column":19}},"5":{"start":{"line":9,"column":4},"end":{"line":11,"column":5}},"6":{"start":{"line":10,"column":8},"end":{"line":10,"column":77}},"7":{"start":{"line":12,"column":4},"end":{"line":14,"column":5}},"8":{"start":{"line":13,"column":8},"end":{"line":13,"column":83}},"9":{"start":{"line":15,"column":4},"end":{"line":17,"column":5}},"10":{"start":{"line":16,"column":8},"end":{"line":16,"column":78}},"11":{"start":{"line":18,"column":4},"end":{"line":20,"column":5}},"12":{"start":{"line":19,"column":8},"end":{"line":19,"column":52}},"13":{"start":{"line":21,"column":4},"end":{"line":23,"column":5}},"14":{"start":{"line":22,"column":8},"end":{"line":22,"column":71}},"15":{"start":{"line":24,"column":4},"end":{"line":26,"column":5}},"16":{"start":{"line":25,"column":8},"end":{"line":25,"column":60}},"17":{"start":{"line":27,"column":4},"end":{"line":29,"column":5}},"18":{"start":{"line":28,"column":8},"end":{"line":28,"column":72}},"19":{"start":{"line":31,"column":4},"end":{"line":34,"column":5}},"20":{"start":{"line":32,"column":8},"end":{"line":32,"column":50}},"21":{"start":{"line":33,"column":8},"end":{"line":33,"column":48}},"22":{"start":{"line":35,"column":4},"end":{"line":35,"column":41}},"23":{"start":{"line":36,"column":4},"end":{"line":36,"column":11}},"24":{"start":{"line":39,"column":0},"end":{"line":95,"column":2}},"25":{"start":{"line":40,"column":103},"end":{"line":40,"column":111}},"26":{"start":{"line":41,"column":4},"end":{"line":41,"column":92}},"27":{"start":{"line":43,"column":19},"end":{"line":43,"column":20}},"28":{"start":{"line":45,"column":25},"end":{"line":45,"column":74}},"29":{"start":{"line":46,"column":31},"end":{"line":46,"column":113}},"30":{"start":{"line":48,"column":21},"end":{"line":64,"column":5}},"31":{"start":{"line":66,"column":19},"end":{"line":77,"column":5}},"32":{"start":{"line":79,"column":4},"end":{"line":79,"column":54}},"33":{"start":{"line":81,"column":4},"end":{"line":94,"column":5}},"34":{"start":{"line":82,"column":25},"end":{"line":82,"column":61}},"35":{"start":{"line":83,"column":8},"end":{"line":83,"column":59}},"36":{"start":{"line":84,"column":8},"end":{"line":87,"column":11}},"37":{"start":{"line":89,"column":8},"end":{"line":89,"column":52}},"38":{"start":{"line":90,"column":8},"end":{"line":93,"column":11}}},"fnMap":{"0":{"name":"(anonymous_0)","decl":{"start":{"line":3,"column":26},"end":{"line":3,"column":27}},"loc":{"start":{"line":3,"column":46},"end":{"line":37,"column":1}},"line":3},"1":{"name":"(anonymous_1)","decl":{"start":{"line":39,"column":34},"end":{"line":39,"column":35}},"loc":{"start":{"line":39,"column":54},"end":{"line":95,"column":1}},"line":39}},"branchMap":{"0":{"loc":{"start":{"line":9,"column":4},"end":{"line":11,"column":5}},"type":"if","locations":[{"start":{"line":9,"column":4},"end":{"line":11,"column":5}},{"start":{},"end":{}}],"line":9},"1":{"loc":{"start":{"line":9,"column":8},"end":{"line":9,"column":33}},"type":"binary-expr","locations":[{"start":{"line":9,"column":8},"end":{"line":9,"column":13}},{"start":{"line":9,"column":17},"end":{"line":9,"column":33}}],"line":9},"2":{"loc":{"start":{"line":12,"column":4},"end":{"line":14,"column":5}},"type":"if","locations":[{"start":{"line":12,"column":4},"end":{"line":14,"column":5}},{"start":{},"end":{}}],"line":12},"3":{"loc":{"start":{"line":12,"column":8},"end":{"line":12,"column":42}},"type":"binary-expr","locations":[{"start":{"line":12,"column":8},"end":{"line":12,"column":17}},{"start":{"line":12,"column":21},"end":{"line":12,"column":42}}],"line":12},"4":{"loc":{"start":{"line":15,"column":4},"end":{"line":17,"column":5}},"type":"if","locations":[{"start":{"line":15,"column":4},"end":{"line":17,"column":5}},{"start":{},"end":{}}],"line":15},"5":{"loc":{"start":{"line":15,"column":8},"end":{"line":15,"column":34}},"type":"binary-expr","locations":[{"start":{"line":15,"column":8},"end":{"line":15,"column":13}},{"start":{"line":15,"column":17},"end":{"line":15,"column":34}}],"line":15},"6":{"loc":{"start":{"line":18,"column":4},"end":{"line":20,"column":5}},"type":"if","locations":[{"start":{"line":18,"column":4},"end":{"line":20,"column":5}},{"start":{},"end":{}}],"line":18},"7":{"loc":{"start":{"line":21,"column":4},"end":{"line":23,"column":5}},"type":"if","locations":[{"start":{"line":21,"column":4},"end":{"line":23,"column":5}},{"start":{},"end":{}}],"line":21},"8":{"loc":{"start":{"line":21,"column":8},"end":{"line":21,"column":59}},"type":"binary-expr","locations":[{"start":{"line":21,"column":8},"end":{"line":21,"column":16}},{"start":{"line":21,"column":20},"end":{"line":21,"column":59}}],"line":21},"9":{"loc":{"start":{"line":24,"column":4},"end":{"line":26,"column":5}},"type":"if","locations":[{"start":{"line":24,"column":4},"end":{"line":26,"column":5}},{"start":{},"end":{}}],"line":24},"10":{"loc":{"start":{"line":24,"column":8},"end":{"line":24,"column":38}},"type":"binary-expr","locations":[{"start":{"line":24,"column":8},"end":{"line":24,"column":15}},{"start":{"line":24,"column":19},"end":{"line":24,"column":38}}],"line":24},"11":{"loc":{"start":{"line":27,"column":4},"end":{"line":29,"column":5}},"type":"if","locations":[{"start":{"line":27,"column":4},"end":{"line":29,"column":5}},{"start":{},"end":{}}],"line":27},"12":{"loc":{"start":{"line":27,"column":8},"end":{"line":27,"column":60}},"type":"binary-expr","locations":[{"start":{"line":27,"column":8},"end":{"line":27,"column":26}},{"start":{"line":27,"column":30},"end":{"line":27,"column":60}}],"line":27},"13":{"loc":{"start":{"line":31,"column":4},"end":{"line":34,"column":5}},"type":"if","locations":[{"start":{"line":31,"column":4},"end":{"line":34,"column":5}},{"start":{},"end":{}}],"line":31},"14":{"loc":{"start":{"line":45,"column":25},"end":{"line":45,"column":74}},"type":"cond-expr","locations":[{"start":{"line":45,"column":49},"end":{"line":45,"column":65}},{"start":{"line":45,"column":68},"end":{"line":45,"column":74}}],"line":45},"15":{"loc":{"start":{"line":46,"column":31},"end":{"line":46,"column":113}},"type":"cond-expr","locations":[{"start":{"line":46,"column":66},"end":{"line":46,"column":93}},{"start":{"line":46,"column":96},"end":{"line":46,"column":113}}],"line":46},"16":{"loc":{"start":{"line":70,"column":8},"end":{"line":70,"column":24}},"type":"binary-expr","locations":[{"start":{"line":70,"column":8},"end":{"line":70,"column":16}},{"start":{"line":70,"column":20},"end":{"line":70,"column":24}}],"line":70},"17":{"loc":{"start":{"line":75,"column":8},"end":{"line":75,"column":27}},"type":"binary-expr","locations":[{"start":{"line":75,"column":8},"end":{"line":75,"column":19}},{"start":{"line":75,"column":23},"end":{"line":75,"column":27}}],"line":75}},"s":{"0":1,"1":1,"2":8,"3":8,"4":8,"5":8,"6":0,"7":8,"8":1,"9":8,"10":1,"11":8,"12":0,"13":8,"14":0,"15":8,"16":0,"17":8,"18":1,"19":8,"20":3,"21":3,"22":5,"23":5,"24":1,"25":5,"26":5,"27":5,"28":5,"29":5,"30":5,"31":5,"32":5,"33":5,"34":5,"35":0,"36":0,"37":5,"38":5},"f":{"0":8,"1":5},"b":{"0":[0,8],"1":[8,8],"2":[1,7],"3":[8,8],"4":[1,7],"5":[8,8],"6":[0,8],"7":[0,8],"8":[8,8],"9":[0,8],"10":[8,8],"11":[1,7],"12":[8,8],"13":[3,5],"14":[4,1],"15":[5,0],"16":[5,5],"17":[5,5]},"_coverageSchema":"1a1c01bbd47fc00a2c39e90264f33305004495a9","hash":"02605ac127585359aafcb978ecf12f07229adaab"}
,"/Users/ethanma/Desktop/volunteer-web-app/backend/controllers/volunteer-controllers.js": {"path":"/Users/ethanma/Desktop/volunteer-web-app/backend/controllers/volunteer-controllers.js","statementMap":{"0":{"start":{"line":5,"column":15},"end":{"line":5,"column":31}},"1":{"start":{"line":7,"column":0},"end":{"line":28,"column":2}},"2":{"start":{"line":8,"column":17},"end":{"line":8,"column":18}},"3":{"start":{"line":10,"column":4},"end":{"line":27,"column":5}},"4":{"start":{"line":11,"column":32},"end":{"line":11,"column":216}},"5":{"start":{"line":13,"column":33},"end":{"line":21,"column":11}},"6":{"start":{"line":13,"column":61},"end":{"line":21,"column":9}},"7":{"start":{"line":25,"column":8},"end":{"line":25,"column":29}},"8":{"start":{"line":26,"column":8},"end":{"line":26,"column":55}}},"fnMap":{"0":{"name":"(anonymous_0)","decl":{"start":{"line":7,"column":30},"end":{"line":7,"column":31}},"loc":{"start":{"line":7,"column":50},"end":{"line":28,"column":1}},"line":7},"1":{"name":"(anonymous_1)","decl":{"start":{"line":13,"column":51},"end":{"line":13,"column":52}},"loc":{"start":{"line":13,"column":61},"end":{"line":21,"column":9}},"line":13}},"branchMap":{},"s":{"0":1,"1":1,"2":0,"3":0,"4":0,"5":0,"6":0,"7":0,"8":0},"f":{"0":0,"1":0},"b":{},"_coverageSchema":"1a1c01bbd47fc00a2c39e90264f33305004495a9","hash":"586f3c7c1e1d331559fce1b2f8d08c23a68aed3b"}
,"/Users/ethanma/Desktop/volunteer-web-app/backend/routes/adminRoutes.js": {"path":"/Users/ethanma/Desktop/volunteer-web-app/backend/routes/adminRoutes.js","statementMap":{"0":{"start":{"line":1,"column":16},"end":{"line":1,"column":34}},"1":{"start":{"line":2,"column":102},"end":{"line":2,"column":143}},"2":{"start":{"line":5,"column":15},"end":{"line":5,"column":31}},"3":{"start":{"line":8,"column":0},"end":{"line":8,"column":41}},"4":{"start":{"line":11,"column":0},"end":{"line":11,"column":38}},"5":{"start":{"line":14,"column":0},"end":{"line":14,"column":47}},"6":{"start":{"line":17,"column":0},"end":{"line":17,"column":56}},"7":{"start":{"line":19,"column":0},"end":{"line":19,"column":41}},"8":{"start":{"line":22,"column":0},"end":{"line":22,"column":24}}},"fnMap":{},"branchMap":{},"s":{"0":1,"1":1,"2":1,"3":1,"4":1,"5":1,"6":1,"7":1,"8":1},"f":{},"b":{},"_coverageSchema":"1a1c01bbd47fc00a2c39e90264f33305004495a9","hash":"55628856b94c673ed31814c30c23f2caeaa3e595"}
,"/Users/ethanma/Desktop/volunteer-web-app/backend/routes/profileRoutes.js": {"path":"/Users/ethanma/Desktop/volunteer-web-app/backend/routes/profileRoutes.js","statementMap":{"0":{"start":{"line":1,"column":16},"end":{"line":1,"column":34}},"1":{"start":{"line":2,"column":53},"end":{"line":2,"column":96}},"2":{"start":{"line":3,"column":15},"end":{"line":3,"column":31}},"3":{"start":{"line":5,"column":0},"end":{"line":5,"column":71}},"4":{"start":{"line":7,"column":0},"end":{"line":9,"column":3}},"5":{"start":{"line":8,"column":4},"end":{"line":8,"column":43}},"6":{"start":{"line":12,"column":0},"end":{"line":18,"column":3}},"7":{"start":{"line":13,"column":4},"end":{"line":13,"column":57}},"8":{"start":{"line":14,"column":4},"end":{"line":17,"column":7}},"9":{"start":{"line":19,"column":0},"end":{"line":19,"column":24}}},"fnMap":{"0":{"name":"(anonymous_0)","decl":{"start":{"line":7,"column":20},"end":{"line":7,"column":21}},"loc":{"start":{"line":7,"column":34},"end":{"line":9,"column":1}},"line":7},"1":{"name":"(anonymous_1)","decl":{"start":{"line":12,"column":29},"end":{"line":12,"column":30}},"loc":{"start":{"line":12,"column":43},"end":{"line":18,"column":1}},"line":12}},"branchMap":{},"s":{"0":1,"1":1,"2":1,"3":1,"4":1,"5":0,"6":1,"7":0,"8":0,"9":1},"f":{"0":0,"1":0},"b":{},"_coverageSchema":"1a1c01bbd47fc00a2c39e90264f33305004495a9","hash":"e91d8c5fcdf23f6756646f74099076839e14b1f5"}
,"/Users/ethanma/Desktop/volunteer-web-app/backend/routes/volunteer-routes.js": {"path":"/Users/ethanma/Desktop/volunteer-web-app/backend/routes/volunteer-routes.js","statementMap":{"0":{"start":{"line":10,"column":16},"end":{"line":10,"column":34}},"1":{"start":{"line":11,"column":15},"end":{"line":11,"column":31}},"2":{"start":{"line":13,"column":32},"end":{"line":13,"column":79}},"3":{"start":{"line":16,"column":0},"end":{"line":16,"column":45}},"4":{"start":{"line":20,"column":0},"end":{"line":20,"column":24}}},"fnMap":{},"branchMap":{},"s":{"0":1,"1":1,"2":1,"3":1,"4":1},"f":{},"b":{},"_coverageSchema":"1a1c01bbd47fc00a2c39e90264f33305004495a9","hash":"7dc56bc74f4cf6947041455ba0719aa9e4942ea3"}
}
