TN:
SF:db.js
FN:22,(anonymous_0)
FN:26,(anonymous_1)
FNF:2
FNH:1
FNDA:2,(anonymous_0)
FNDA:0,(anonymous_1)
DA:1,2
DA:2,2
DA:4,2
DA:18,2
DA:19,2
DA:21,2
DA:23,2
DA:24,2
DA:27,0
DA:30,2
LF:10
LH:9
BRDA:6,0,0,2
BRDA:6,0,1,0
BRF:2
BRH:1
end_of_record
TN:
SF:api/loginRoutes.js
FN:8,(anonymous_0)
FN:53,(anonymous_1)
FNF:2
FNH:2
FNDA:4,(anonymous_0)
FNDA:4,(anonymous_1)
DA:1,1
DA:2,1
DA:3,1
DA:4,1
DA:6,1
DA:8,1
DA:9,4
DA:14,4
DA:15,1
DA:16,1
DA:17,3
DA:18,2
DA:19,2
DA:21,1
DA:24,3
DA:26,3
DA:27,3
DA:29,2
DA:30,1
DA:31,1
DA:36,1
DA:41,1
DA:44,1
DA:53,1
DA:54,4
DA:58,4
DA:59,1
DA:60,1
DA:61,3
DA:62,2
DA:63,2
DA:65,1
DA:68,3
DA:69,3
DA:70,2
DA:71,1
DA:74,1
DA:75,1
DA:77,1
DA:82,1
DA:88,1
DA:94,1
DA:100,1
LF:43
LH:43
BRDA:6,0,0,1
BRDA:6,0,1,1
BRDA:14,1,0,1
BRDA:14,1,1,3
BRDA:17,2,0,2
BRDA:17,2,1,1
BRDA:29,3,0,1
BRDA:29,3,1,1
BRDA:58,4,0,1
BRDA:58,4,1,3
BRDA:61,5,0,2
BRDA:61,5,1,1
BRDA:70,6,0,1
BRDA:70,6,1,1
BRDA:75,7,0,1
BRDA:75,7,1,0
BRF:16
BRH:15
end_of_record
TN:
SF:controllers/adminController.js
FN:9,(anonymous_0)
FN:14,(anonymous_1)
FN:43,(anonymous_2)
FN:71,(anonymous_3)
FN:97,(anonymous_4)
FN:120,(anonymous_5)
FN:139,(anonymous_6)
FN:149,(anonymous_7)
FN:150,(anonymous_8)
FN:154,(anonymous_9)
FN:163,(anonymous_10)
FN:174,(anonymous_11)
FN:209,(anonymous_12)
FN:230,(anonymous_13)
FN:262,(anonymous_14)
FN:317,(anonymous_15)
FN:343,(anonymous_16)
FNF:17
FNH:12
FNDA:1,(anonymous_0)
FNDA:62,(anonymous_1)
FNDA:4,(anonymous_2)
FNDA:1,(anonymous_3)
FNDA:0,(anonymous_4)
FNDA:2,(anonymous_5)
FNDA:2,(anonymous_6)
FNDA:64,(anonymous_7)
FNDA:67,(anonymous_8)
FNDA:67,(anonymous_9)
FNDA:0,(anonymous_10)
FNDA:4,(anonymous_11)
FNDA:1,(anonymous_12)
FNDA:1,(anonymous_13)
FNDA:0,(anonymous_14)
FNDA:0,(anonymous_15)
FNDA:0,(anonymous_16)
DA:1,1
DA:2,1
DA:3,1
DA:5,1
DA:6,1
DA:9,1
DA:10,1
DA:11,1
DA:14,1
DA:15,62
DA:18,1
DA:20,0
DA:21,0
DA:28,1
DA:40,1
DA:41,1
DA:43,1
DA:54,4
DA:56,4
DA:57,3
DA:60,1
DA:61,0
DA:64,1
DA:65,0
DA:68,1
DA:69,1
DA:70,1
DA:71,1
DA:74,1
DA:75,0
DA:78,1
DA:85,1
DA:87,0
DA:88,0
DA:97,1
DA:98,0
DA:100,0
DA:101,0
DA:103,0
DA:104,0
DA:107,0
DA:109,0
DA:111,0
DA:112,0
DA:120,1
DA:121,2
DA:123,2
DA:124,1
DA:127,1
DA:129,1
DA:134,1
DA:135,0
DA:138,1
DA:139,2
DA:140,1
DA:143,1
DA:149,1
DA:150,67
DA:152,64
DA:154,67
DA:158,1
DA:159,1
DA:162,0
DA:163,0
DA:169,0
DA:170,0
DA:174,1
DA:175,4
DA:177,4
DA:178,2
DA:181,2
DA:182,2
DA:187,2
DA:188,1
DA:191,1
DA:193,1
DA:200,1
DA:202,0
DA:203,0
DA:209,1
DA:210,1
DA:211,1
DA:212,1
DA:214,0
DA:215,0
DA:230,1
DA:231,1
DA:232,1
DA:254,1
DA:256,0
DA:257,0
DA:262,1
DA:263,0
DA:264,0
DA:281,0
DA:294,0
DA:295,0
DA:296,0
DA:297,0
DA:299,0
DA:300,0
DA:317,1
DA:318,0
DA:319,0
DA:334,0
DA:336,0
DA:337,0
DA:343,1
DA:344,0
DA:345,0
DA:359,0
DA:370,0
DA:371,0
DA:372,0
DA:373,0
DA:375,0
DA:376,0
LF:117
LH:67
BRDA:56,0,0,3
BRDA:56,0,1,1
BRDA:56,1,0,4
BRDA:56,1,1,4
BRDA:56,1,2,3
BRDA:56,1,3,3
BRDA:56,1,4,1
BRDA:56,1,5,1
BRDA:56,1,6,1
BRDA:56,1,7,1
BRDA:60,2,0,0
BRDA:60,2,1,1
BRDA:64,3,0,0
BRDA:64,3,1,1
BRDA:69,4,0,1
BRDA:69,4,1,0
BRDA:74,5,0,0
BRDA:74,5,1,1
BRDA:103,6,0,0
BRDA:103,6,1,0
BRDA:123,7,0,1
BRDA:123,7,1,1
BRDA:134,8,0,0
BRDA:134,8,1,1
BRDA:134,9,0,1
BRDA:134,9,1,1
BRDA:139,10,0,1
BRDA:139,10,1,0
BRDA:152,11,0,0
BRDA:152,11,1,64
BRDA:158,12,0,1
BRDA:158,12,1,0
BRDA:177,13,0,2
BRDA:177,13,1,2
BRDA:177,14,0,4
BRDA:177,14,1,3
BRDA:187,15,0,1
BRDA:187,15,1,1
BRF:38
BRH:28
end_of_record
TN:
SF:controllers/profileController.js
FN:3,(anonymous_0)
FN:39,(anonymous_1)
FNF:2
FNH:2
FNDA:9,(anonymous_0)
FNDA:6,(anonymous_1)
DA:1,1
DA:3,1
DA:4,9
DA:6,9
DA:7,9
DA:9,9
DA:10,0
DA:12,9
DA:13,1
DA:15,9
DA:16,1
DA:18,9
DA:19,0
DA:21,9
DA:22,0
DA:24,9
DA:25,0
DA:27,9
DA:28,1
DA:31,9
DA:32,3
DA:33,3
DA:35,6
DA:36,6
DA:39,1
DA:40,6
DA:41,6
DA:43,6
DA:45,6
DA:46,6
DA:48,6
DA:66,6
DA:79,6
DA:81,6
DA:82,6
DA:83,0
DA:84,0
DA:89,6
DA:90,6
LF:39
LH:33
BRDA:9,0,0,0
BRDA:9,0,1,9
BRDA:9,1,0,9
BRDA:9,1,1,9
BRDA:12,2,0,1
BRDA:12,2,1,8
BRDA:12,3,0,9
BRDA:12,3,1,9
BRDA:15,4,0,1
BRDA:15,4,1,8
BRDA:15,5,0,9
BRDA:15,5,1,9
BRDA:18,6,0,0
BRDA:18,6,1,9
BRDA:21,7,0,0
BRDA:21,7,1,9
BRDA:21,8,0,9
BRDA:21,8,1,9
BRDA:24,9,0,0
BRDA:24,9,1,9
BRDA:24,10,0,9
BRDA:24,10,1,9
BRDA:27,11,0,1
BRDA:27,11,1,8
BRDA:27,12,0,9
BRDA:27,12,1,9
BRDA:31,13,0,3
BRDA:31,13,1,6
BRDA:45,14,0,5
BRDA:45,14,1,1
BRDA:46,15,0,6
BRDA:46,15,1,0
BRDA:70,16,0,6
BRDA:70,16,1,5
BRDA:75,17,0,6
BRDA:75,17,1,5
BRF:36
BRH:31
end_of_record
TN:
SF:controllers/volunteer-controllers.js
FN:5,(anonymous_0)
FN:11,(anonymous_1)
FN:33,(anonymous_2)
FN:39,(anonymous_3)
FN:62,(anonymous_4)
FN:83,(anonymous_5)
FN:96,(anonymous_6)
FN:109,(anonymous_7)
FN:122,(anonymous_8)
FN:133,(anonymous_9)
FNF:10
FNH:9
FNDA:1,(anonymous_0)
FNDA:0,(anonymous_1)
FNDA:1,(anonymous_2)
FNDA:53,(anonymous_3)
FNDA:1,(anonymous_4)
FNDA:1,(anonymous_5)
FNDA:1,(anonymous_6)
FNDA:1,(anonymous_7)
FNDA:1,(anonymous_8)
FNDA:37,(anonymous_9)
DA:3,1
DA:5,1
DA:6,1
DA:8,1
DA:9,1
DA:11,1
DA:26,1
DA:28,0
DA:29,0
DA:33,1
DA:34,1
DA:36,1
DA:37,1
DA:39,53
DA:55,1
DA:57,0
DA:58,0
DA:62,1
DA:63,1
DA:65,1
DA:66,1
DA:68,1
DA:69,0
DA:72,1
DA:76,1
DA:78,0
DA:79,0
DA:83,1
DA:84,1
DA:86,1
DA:87,1
DA:89,1
DA:91,0
DA:92,0
DA:96,1
DA:97,1
DA:99,1
DA:100,1
DA:102,0
DA:104,1
DA:105,1
DA:109,1
DA:110,1
DA:112,1
DA:113,1
DA:115,1
DA:117,0
DA:118,0
DA:122,1
DA:123,1
DA:125,1
DA:127,1
DA:129,1
DA:130,0
DA:133,37
DA:141,1
DA:143,0
DA:144,0
LF:58
LH:43
BRDA:68,0,0,0
BRDA:68,0,1,1
BRDA:68,1,0,1
BRDA:68,1,1,1
BRDA:129,2,0,0
BRDA:129,2,1,1
BRDA:129,3,0,1
BRDA:129,3,1,1
BRF:8
BRH:6
end_of_record
TN:
SF:routes/adminRoutes.js
FNF:0
FNH:0
DA:1,1
DA:13,1
DA:16,1
DA:19,1
DA:22,1
DA:27,1
DA:28,1
DA:30,1
DA:32,1
DA:34,1
DA:36,1
DA:37,1
DA:39,1
DA:42,1
LF:14
LH:14
BRF:0
BRH:0
end_of_record
TN:
SF:routes/profileRoutes.js
FN:7,(anonymous_0)
FN:12,(anonymous_1)
FNF:2
FNH:2
FNDA:1,(anonymous_0)
FNDA:1,(anonymous_1)
DA:1,1
DA:2,1
DA:3,1
DA:5,1
DA:7,1
DA:8,1
DA:12,1
DA:13,1
DA:14,1
DA:19,1
LF:10
LH:10
BRF:0
BRH:0
end_of_record
TN:
SF:routes/volunteer-routes.js
FNF:0
FNH:0
DA:10,1
DA:11,1
DA:13,1
DA:16,1
DA:18,1
DA:20,1
DA:22,1
DA:24,1
DA:26,1
DA:28,1
DA:31,1
LF:11
LH:11
BRF:0
BRH:0
end_of_record
