TN:
SF:db.js
FN:22,(anonymous_0)
FN:26,(anonymous_1)
FNF:2
FNH:1
FNDA:2,(anonymous_0)
FNDA:0,(anonymous_1)
DA:1,2
DA:2,2
DA:4,2
DA:18,2
DA:19,2
DA:21,2
DA:23,2
DA:24,2
DA:27,0
DA:30,2
LF:10
LH:9
BRDA:6,0,0,2
BRDA:6,0,1,0
BRF:2
BRH:1
end_of_record
TN:
SF:api/loginRoutes.js
FN:8,(anonymous_0)
FN:53,(anonymous_1)
FNF:2
FNH:2
FNDA:4,(anonymous_0)
FNDA:4,(anonymous_1)
DA:1,1
DA:2,1
DA:3,1
DA:4,1
DA:6,1
DA:8,1
DA:9,4
DA:14,4
DA:15,1
DA:16,1
DA:17,3
DA:18,2
DA:19,2
DA:21,1
DA:24,3
DA:26,3
DA:27,3
DA:29,2
DA:30,1
DA:31,1
DA:36,1
DA:41,1
DA:44,1
DA:53,1
DA:54,4
DA:58,4
DA:59,1
DA:60,1
DA:61,3
DA:62,2
DA:63,2
DA:65,1
DA:68,3
DA:69,3
DA:70,2
DA:71,1
DA:74,1
DA:75,1
DA:77,1
DA:82,1
DA:88,1
DA:94,1
DA:100,1
LF:43
LH:43
BRDA:6,0,0,1
BRDA:6,0,1,1
BRDA:14,1,0,1
BRDA:14,1,1,3
BRDA:17,2,0,2
BRDA:17,2,1,1
BRDA:29,3,0,1
BRDA:29,3,1,1
BRDA:58,4,0,1
BRDA:58,4,1,3
BRDA:61,5,0,2
BRDA:61,5,1,1
BRDA:70,6,0,1
BRDA:70,6,1,1
BRDA:75,7,0,1
BRDA:75,7,1,0
BRF:16
BRH:15
end_of_record
TN:
SF:controllers/adminController.js
FN:4,(anonymous_0)
FN:9,(anonymous_1)
FN:38,(anonymous_2)
FN:59,(anonymous_3)
FN:84,(anonymous_4)
FN:112,(anonymous_5)
FN:144,(anonymous_6)
FN:153,(anonymous_7)
FN:180,(anonymous_8)
FNF:9
FNH:9
FNDA:1,(anonymous_0)
FNDA:48,(anonymous_1)
FNDA:5,(anonymous_2)
FNDA:2,(anonymous_3)
FNDA:2,(anonymous_4)
FNDA:3,(anonymous_5)
FNDA:48,(anonymous_6)
FNDA:51,(anonymous_7)
FNDA:2,(anonymous_8)
DA:1,1
DA:4,1
DA:5,1
DA:6,1
DA:9,1
DA:10,48
DA:13,1
DA:15,0
DA:16,0
DA:23,1
DA:35,1
DA:36,1
DA:38,1
DA:39,5
DA:42,5
DA:43,1
DA:47,4
DA:48,1
DA:51,3
DA:52,1
DA:55,2
DA:57,2
DA:58,2
DA:59,2
DA:62,2
DA:63,0
DA:66,2
DA:73,2
DA:75,0
DA:76,0
DA:84,1
DA:85,2
DA:87,2
DA:89,2
DA:91,2
DA:92,1
DA:96,1
DA:99,1
DA:101,1
DA:103,0
DA:104,0
DA:112,1
DA:113,3
DA:115,3
DA:116,1
DA:119,2
DA:121,2
DA:125,2
DA:129,2
DA:130,1
DA:133,1
DA:134,1
DA:135,1
DA:136,1
DA:137,1
DA:141,1
DA:144,1
DA:145,48
DA:148,48
DA:149,0
DA:153,51
DA:157,1
DA:158,1
DA:162,0
DA:165,0
DA:171,0
DA:173,0
DA:174,0
DA:180,1
DA:181,2
DA:182,2
DA:183,1
DA:185,1
DA:186,1
LF:74
LH:61
BRDA:42,0,0,1
BRDA:42,0,1,4
BRDA:42,1,0,5
BRDA:42,1,1,5
BRDA:42,1,2,4
BRDA:42,1,3,4
BRDA:42,1,4,4
BRDA:42,1,5,4
BRDA:42,1,6,4
BRDA:47,2,0,1
BRDA:47,2,1,3
BRDA:51,3,0,1
BRDA:51,3,1,2
BRDA:57,4,0,2
BRDA:57,4,1,0
BRDA:62,5,0,0
BRDA:62,5,1,2
BRDA:91,6,0,1
BRDA:91,6,1,1
BRDA:115,7,0,1
BRDA:115,7,1,2
BRDA:129,8,0,1
BRDA:129,8,1,1
BRDA:129,9,0,2
BRDA:129,9,1,2
BRDA:134,10,0,1
BRDA:134,10,1,0
BRDA:135,11,0,1
BRDA:135,11,1,0
BRDA:145,12,0,48
BRDA:145,12,1,0
BRDA:148,13,0,0
BRDA:148,13,1,48
BRDA:157,14,0,1
BRDA:157,14,1,0
BRF:35
BRH:28
end_of_record
TN:
SF:controllers/profileController.js
FN:3,(anonymous_0)
FN:39,(anonymous_1)
FNF:2
FNH:2
FNDA:9,(anonymous_0)
FNDA:6,(anonymous_1)
DA:1,1
DA:3,1
DA:4,9
DA:6,9
DA:7,9
DA:9,9
DA:10,0
DA:12,9
DA:13,1
DA:15,9
DA:16,1
DA:18,9
DA:19,0
DA:21,9
DA:22,0
DA:24,9
DA:25,0
DA:27,9
DA:28,1
DA:31,9
DA:32,3
DA:33,3
DA:35,6
DA:36,6
DA:39,1
DA:40,6
DA:41,6
DA:43,6
DA:45,6
DA:46,6
DA:48,6
DA:66,6
DA:79,6
DA:81,6
DA:82,6
DA:83,0
DA:84,0
DA:89,6
DA:90,6
LF:39
LH:33
BRDA:9,0,0,0
BRDA:9,0,1,9
BRDA:9,1,0,9
BRDA:9,1,1,9
BRDA:12,2,0,1
BRDA:12,2,1,8
BRDA:12,3,0,9
BRDA:12,3,1,9
BRDA:15,4,0,1
BRDA:15,4,1,8
BRDA:15,5,0,9
BRDA:15,5,1,9
BRDA:18,6,0,0
BRDA:18,6,1,9
BRDA:21,7,0,0
BRDA:21,7,1,9
BRDA:21,8,0,9
BRDA:21,8,1,9
BRDA:24,9,0,0
BRDA:24,9,1,9
BRDA:24,10,0,9
BRDA:24,10,1,9
BRDA:27,11,0,1
BRDA:27,11,1,8
BRDA:27,12,0,9
BRDA:27,12,1,9
BRDA:31,13,0,3
BRDA:31,13,1,6
BRDA:45,14,0,5
BRDA:45,14,1,1
BRDA:46,15,0,6
BRDA:46,15,1,0
BRDA:70,16,0,6
BRDA:70,16,1,5
BRDA:75,17,0,6
BRDA:75,17,1,5
BRF:36
BRH:31
end_of_record
TN:
SF:controllers/volunteer-controllers.js
FN:5,(anonymous_0)
FN:11,(anonymous_1)
FN:33,(anonymous_2)
FN:39,(anonymous_3)
FN:62,(anonymous_4)
FN:83,(anonymous_5)
FN:96,(anonymous_6)
FN:109,(anonymous_7)
FN:122,(anonymous_8)
FN:133,(anonymous_9)
FNF:10
FNH:1
FNDA:0,(anonymous_0)
FNDA:0,(anonymous_1)
FNDA:0,(anonymous_2)
FNDA:0,(anonymous_3)
FNDA:0,(anonymous_4)
FNDA:0,(anonymous_5)
FNDA:0,(anonymous_6)
FNDA:0,(anonymous_7)
FNDA:1,(anonymous_8)
FNDA:0,(anonymous_9)
DA:3,1
DA:5,1
DA:6,0
DA:8,0
DA:9,0
DA:11,0
DA:26,0
DA:28,0
DA:29,0
DA:33,1
DA:34,0
DA:36,0
DA:37,0
DA:39,0
DA:55,0
DA:57,0
DA:58,0
DA:62,1
DA:63,0
DA:65,0
DA:66,0
DA:68,0
DA:69,0
DA:72,0
DA:76,0
DA:78,0
DA:79,0
DA:83,1
DA:84,0
DA:86,0
DA:87,0
DA:89,0
DA:91,0
DA:92,0
DA:96,1
DA:97,0
DA:99,0
DA:100,0
DA:102,0
DA:104,0
DA:105,0
DA:109,1
DA:110,0
DA:112,0
DA:113,0
DA:115,0
DA:117,0
DA:118,0
DA:122,1
DA:123,1
DA:125,1
DA:127,1
DA:129,1
DA:130,1
DA:133,0
DA:141,0
DA:143,0
DA:144,0
LF:58
LH:13
BRDA:68,0,0,0
BRDA:68,0,1,0
BRDA:68,1,0,0
BRDA:68,1,1,0
BRDA:129,2,0,1
BRDA:129,2,1,0
BRDA:129,3,0,1
BRDA:129,3,1,1
BRF:8
BRH:3
end_of_record
TN:
SF:routes/adminRoutes.js
FNF:0
FNH:0
DA:1,1
DA:2,1
DA:5,1
DA:8,1
DA:11,1
DA:14,1
DA:17,1
DA:19,1
DA:22,1
LF:9
LH:9
BRF:0
BRH:0
end_of_record
TN:
SF:routes/profileRoutes.js
FN:7,(anonymous_0)
FN:12,(anonymous_1)
FNF:2
FNH:2
FNDA:1,(anonymous_0)
FNDA:1,(anonymous_1)
DA:1,1
DA:2,1
DA:3,1
DA:5,1
DA:7,1
DA:8,1
DA:12,1
DA:13,1
DA:14,1
DA:19,1
LF:10
LH:10
BRF:0
BRH:0
end_of_record
TN:
SF:routes/volunteer-routes.js
FNF:0
FNH:0
DA:10,1
DA:11,1
DA:13,1
DA:16,1
DA:18,1
DA:20,1
DA:22,1
DA:24,1
DA:26,1
DA:28,1
DA:31,1
LF:11
LH:11
BRF:0
BRH:0
end_of_record
