{"C:\\Users\\sunan\\Desktop\\4353 project\\volunteer-web-app\\backend\\db.js": {"path":"C:\\Users\\sunan\\Desktop\\4353 project\\volunteer-web-app\\backend\\db.js","statementMap":{"0":{"start":{"line":1,"column":14},"end":{"line":1,"column":31}},"1":{"start":{"line":2,"column":11},"end":{"line":2,"column":24}},"2":{"start":{"line":3,"column":0},"end":{"line":3,"column":27}},"3":{"start":{"line":6,"column":17},"end":{"line":17,"column":1}},"4":{"start":{"line":20,"column":13},"end":{"line":20,"column":39}},"5":{"start":{"line":23,"column":20},"end":{"line":23,"column":34}},"6":{"start":{"line":26,"column":0},"end":{"line":33,"column":5}},"7":{"start":{"line":28,"column":4},"end":{"line":28,"column":59}},"8":{"start":{"line":29,"column":4},"end":{"line":29,"column":25}},"9":{"start":{"line":32,"column":4},"end":{"line":32,"column":52}},"10":{"start":{"line":35,"column":0},"end":{"line":35,"column":29}}},"fnMap":{"0":{"name":"(anonymous_0)","decl":{"start":{"line":27,"column":8},"end":{"line":27,"column":9}},"loc":{"start":{"line":27,"column":22},"end":{"line":30,"column":3}},"line":27},"1":{"name":"(anonymous_1)","decl":{"start":{"line":31,"column":9},"end":{"line":31,"column":10}},"loc":{"start":{"line":31,"column":16},"end":{"line":33,"column":3}},"line":31}},"branchMap":{"0":{"loc":{"start":{"line":11,"column":7},"end":{"line":13,"column":9}},"type":"cond-expr","locations":[{"start":{"line":12,"column":4},"end":{"line":12,"column":47}},{"start":{"line":13,"column":4},"end":{"line":13,"column":9}}],"line":11}},"s":{"0":1,"1":1,"2":1,"3":1,"4":1,"5":1,"6":1,"7":1,"8":1,"9":0,"10":1},"f":{"0":1,"1":0},"b":{"0":[1,0]},"_coverageSchema":"1a1c01bbd47fc00a2c39e90264f33305004495a9","hash":"7bbc026add884c39e2dbc56a49f14f1bc74c820d"}
,"C:\\Users\\sunan\\Desktop\\4353 project\\volunteer-web-app\\backend\\api\\loginRoutes.js": {"path":"C:\\Users\\sunan\\Desktop\\4353 project\\volunteer-web-app\\backend\\api\\loginRoutes.js","statementMap":{"0":{"start":{"line":1,"column":16},"end":{"line":1,"column":34}},"1":{"start":{"line":2,"column":15},"end":{"line":2,"column":31}},"2":{"start":{"line":4,"column":0},"end":{"line":13,"column":1}},"3":{"start":{"line":15,"column":0},"end":{"line":26,"column":3}},"4":{"start":{"line":16,"column":38},"end":{"line":16,"column":46}},"5":{"start":{"line":18,"column":4},"end":{"line":23,"column":5}},"6":{"start":{"line":18,"column":14},"end":{"line":18,"column":15}},"7":{"start":{"line":19,"column":8},"end":{"line":22,"column":9}},"8":{"start":{"line":20,"column":12},"end":{"line":20,"column":34}},"9":{"start":{"line":21,"column":12},"end":{"line":21,"column":86}},"10":{"start":{"line":24,"column":4},"end":{"line":24,"column":67}},"11":{"start":{"line":28,"column":0},"end":{"line":47,"column":3}},"12":{"start":{"line":29,"column":51},"end":{"line":29,"column":59}},"13":{"start":{"line":31,"column":25},"end":{"line":31,"column":62}},"14":{"start":{"line":31,"column":41},"end":{"line":31,"column":61}},"15":{"start":{"line":32,"column":4},"end":{"line":34,"column":5}},"16":{"start":{"line":33,"column":8},"end":{"line":33,"column":72}},"17":{"start":{"line":36,"column":20},"end":{"line":42,"column":5}},"18":{"start":{"line":44,"column":4},"end":{"line":44,"column":21}},"19":{"start":{"line":46,"column":4},"end":{"line":46,"column":72}},"20":{"start":{"line":50,"column":0},"end":{"line":50,"column":24}}},"fnMap":{"0":{"name":"(anonymous_0)","decl":{"start":{"line":15,"column":23},"end":{"line":15,"column":24}},"loc":{"start":{"line":15,"column":37},"end":{"line":26,"column":1}},"line":15},"1":{"name":"(anonymous_1)","decl":{"start":{"line":28,"column":23},"end":{"line":28,"column":24}},"loc":{"start":{"line":28,"column":37},"end":{"line":47,"column":1}},"line":28},"2":{"name":"(anonymous_2)","decl":{"start":{"line":31,"column":33},"end":{"line":31,"column":34}},"loc":{"start":{"line":31,"column":41},"end":{"line":31,"column":61}},"line":31}},"branchMap":{"0":{"loc":{"start":{"line":19,"column":8},"end":{"line":22,"column":9}},"type":"if","locations":[{"start":{"line":19,"column":8},"end":{"line":22,"column":9}},{"start":{},"end":{}}],"line":19},"1":{"loc":{"start":{"line":19,"column":12},"end":{"line":19,"column":80}},"type":"binary-expr","locations":[{"start":{"line":19,"column":12},"end":{"line":19,"column":32}},{"start":{"line":19,"column":36},"end":{"line":19,"column":58}},{"start":{"line":19,"column":62},"end":{"line":19,"column":80}}],"line":19},"2":{"loc":{"start":{"line":32,"column":4},"end":{"line":34,"column":5}},"type":"if","locations":[{"start":{"line":32,"column":4},"end":{"line":34,"column":5}},{"start":{},"end":{}}],"line":32}},"s":{"0":1,"1":1,"2":1,"3":1,"4":2,"5":2,"6":2,"7":2,"8":1,"9":1,"10":1,"11":1,"12":2,"13":2,"14":2,"15":2,"16":1,"17":1,"18":1,"19":1,"20":1},"f":{"0":2,"1":2,"2":2},"b":{"0":[1,1],"1":[2,1,1],"2":[1,1]},"_coverageSchema":"1a1c01bbd47fc00a2c39e90264f33305004495a9","hash":"2eb32eb59cf969e2d4e3e179f9b294546371dd81"}
,"C:\\Users\\sunan\\Desktop\\4353 project\\volunteer-web-app\\backend\\controllers\\adminController.js": {"path":"C:\\Users\\sunan\\Desktop\\4353 project\\volunteer-web-app\\backend\\controllers\\adminController.js","statementMap":{"0":{"start":{"line":1,"column":11},"end":{"line":1,"column":27}},"1":{"start":{"line":4,"column":0},"end":{"line":18,"column":2}},"2":{"start":{"line":5,"column":4},"end":{"line":17,"column":5}},"3":{"start":{"line":6,"column":23},"end":{"line":6,"column":93}},"4":{"start":{"line":9,"column":8},"end":{"line":11,"column":11}},"5":{"start":{"line":10,"column":12},"end":{"line":10,"column":86}},"6":{"start":{"line":13,"column":8},"end":{"line":13,"column":23}},"7":{"start":{"line":15,"column":8},"end":{"line":15,"column":57}},"8":{"start":{"line":16,"column":8},"end":{"line":16,"column":82}},"9":{"start":{"line":23,"column":20},"end":{"line":34,"column":3}},"10":{"start":{"line":35,"column":23},"end":{"line":35,"column":48}},"11":{"start":{"line":36,"column":19},"end":{"line":36,"column":107}},"12":{"start":{"line":38,"column":0},"end":{"line":78,"column":2}},"13":{"start":{"line":39,"column":106},"end":{"line":39,"column":114}},"14":{"start":{"line":42,"column":4},"end":{"line":44,"column":5}},"15":{"start":{"line":43,"column":8},"end":{"line":43,"column":76}},"16":{"start":{"line":47,"column":4},"end":{"line":49,"column":5}},"17":{"start":{"line":48,"column":8},"end":{"line":48,"column":114}},"18":{"start":{"line":51,"column":4},"end":{"line":53,"column":5}},"19":{"start":{"line":52,"column":8},"end":{"line":52,"column":107}},"20":{"start":{"line":55,"column":4},"end":{"line":77,"column":5}},"21":{"start":{"line":57,"column":28},"end":{"line":57,"column":96}},"22":{"start":{"line":58,"column":32},"end":{"line":60,"column":22}},"23":{"start":{"line":59,"column":29},"end":{"line":59,"column":63}},"24":{"start":{"line":62,"column":8},"end":{"line":64,"column":9}},"25":{"start":{"line":63,"column":12},"end":{"line":63,"column":89}},"26":{"start":{"line":66,"column":25},"end":{"line":71,"column":9}},"27":{"start":{"line":73,"column":8},"end":{"line":73,"column":98}},"28":{"start":{"line":75,"column":8},"end":{"line":75,"column":56}},"29":{"start":{"line":76,"column":8},"end":{"line":76,"column":82}},"30":{"start":{"line":84,"column":0},"end":{"line":106,"column":2}},"31":{"start":{"line":85,"column":20},"end":{"line":85,"column":33}},"32":{"start":{"line":87,"column":4},"end":{"line":105,"column":5}},"33":{"start":{"line":89,"column":29},"end":{"line":89,"column":109}},"34":{"start":{"line":91,"column":8},"end":{"line":93,"column":9}},"35":{"start":{"line":92,"column":12},"end":{"line":92,"column":72}},"36":{"start":{"line":96,"column":8},"end":{"line":96,"column":83}},"37":{"start":{"line":99,"column":8},"end":{"line":99,"column":81}},"38":{"start":{"line":101,"column":8},"end":{"line":101,"column":86}},"39":{"start":{"line":103,"column":8},"end":{"line":103,"column":54}},"40":{"start":{"line":104,"column":8},"end":{"line":104,"column":60}},"41":{"start":{"line":112,"column":0},"end":{"line":176,"column":2}},"42":{"start":{"line":113,"column":30},"end":{"line":113,"column":38}},"43":{"start":{"line":115,"column":4},"end":{"line":117,"column":5}},"44":{"start":{"line":116,"column":8},"end":{"line":116,"column":79}},"45":{"start":{"line":119,"column":4},"end":{"line":175,"column":5}},"46":{"start":{"line":121,"column":29},"end":{"line":124,"column":9}},"47":{"start":{"line":125,"column":8},"end":{"line":125,"column":56}},"48":{"start":{"line":129,"column":8},"end":{"line":131,"column":9}},"49":{"start":{"line":130,"column":12},"end":{"line":130,"column":76}},"50":{"start":{"line":133,"column":26},"end":{"line":133,"column":39}},"51":{"start":{"line":134,"column":32},"end":{"line":134,"column":91}},"52":{"start":{"line":135,"column":38},"end":{"line":135,"column":78}},"53":{"start":{"line":136,"column":8},"end":{"line":136,"column":100}},"54":{"start":{"line":137,"column":23},"end":{"line":137,"column":39}},"55":{"start":{"line":141,"column":25},"end":{"line":141,"column":136}},"56":{"start":{"line":144,"column":30},"end":{"line":154,"column":10}},"57":{"start":{"line":145,"column":32},"end":{"line":145,"column":72}},"58":{"start":{"line":148,"column":12},"end":{"line":150,"column":13}},"59":{"start":{"line":149,"column":16},"end":{"line":149,"column":28}},"60":{"start":{"line":153,"column":12},"end":{"line":153,"column":78}},"61":{"start":{"line":153,"column":45},"end":{"line":153,"column":76}},"62":{"start":{"line":157,"column":8},"end":{"line":159,"column":9}},"63":{"start":{"line":158,"column":12},"end":{"line":158,"column":73}},"64":{"start":{"line":162,"column":30},"end":{"line":162,"column":46}},"65":{"start":{"line":165,"column":8},"end":{"line":169,"column":10}},"66":{"start":{"line":171,"column":8},"end":{"line":171,"column":61}},"67":{"start":{"line":173,"column":8},"end":{"line":173,"column":67}},"68":{"start":{"line":174,"column":8},"end":{"line":174,"column":60}},"69":{"start":{"line":180,"column":0},"end":{"line":188,"column":2}},"70":{"start":{"line":181,"column":4},"end":{"line":187,"column":5}},"71":{"start":{"line":182,"column":23},"end":{"line":182,"column":67}},"72":{"start":{"line":183,"column":8},"end":{"line":183,"column":39}},"73":{"start":{"line":185,"column":8},"end":{"line":185,"column":59}},"74":{"start":{"line":186,"column":8},"end":{"line":186,"column":60}}},"fnMap":{"0":{"name":"(anonymous_0)","decl":{"start":{"line":4,"column":25},"end":{"line":4,"column":26}},"loc":{"start":{"line":4,"column":45},"end":{"line":18,"column":1}},"line":4},"1":{"name":"(anonymous_1)","decl":{"start":{"line":9,"column":21},"end":{"line":9,"column":22}},"loc":{"start":{"line":9,"column":30},"end":{"line":11,"column":9}},"line":9},"2":{"name":"(anonymous_2)","decl":{"start":{"line":38,"column":27},"end":{"line":38,"column":28}},"loc":{"start":{"line":38,"column":47},"end":{"line":78,"column":1}},"line":38},"3":{"name":"(anonymous_3)","decl":{"start":{"line":59,"column":20},"end":{"line":59,"column":21}},"loc":{"start":{"line":59,"column":29},"end":{"line":59,"column":63}},"line":59},"4":{"name":"(anonymous_4)","decl":{"start":{"line":84,"column":27},"end":{"line":84,"column":28}},"loc":{"start":{"line":84,"column":47},"end":{"line":106,"column":1}},"line":84},"5":{"name":"(anonymous_5)","decl":{"start":{"line":112,"column":33},"end":{"line":112,"column":34}},"loc":{"start":{"line":112,"column":53},"end":{"line":176,"column":1}},"line":112},"6":{"name":"(anonymous_6)","decl":{"start":{"line":144,"column":44},"end":{"line":144,"column":45}},"loc":{"start":{"line":144,"column":53},"end":{"line":154,"column":9}},"line":144},"7":{"name":"(anonymous_7)","decl":{"start":{"line":153,"column":36},"end":{"line":153,"column":37}},"loc":{"start":{"line":153,"column":45},"end":{"line":153,"column":76}},"line":153},"8":{"name":"(anonymous_8)","decl":{"start":{"line":180,"column":24},"end":{"line":180,"column":25}},"loc":{"start":{"line":180,"column":44},"end":{"line":188,"column":1}},"line":180}},"branchMap":{"0":{"loc":{"start":{"line":42,"column":4},"end":{"line":44,"column":5}},"type":"if","locations":[{"start":{"line":42,"column":4},"end":{"line":44,"column":5}},{"start":{},"end":{}}],"line":42},"1":{"loc":{"start":{"line":42,"column":8},"end":{"line":42,"column":99}},"type":"binary-expr","locations":[{"start":{"line":42,"column":8},"end":{"line":42,"column":19}},{"start":{"line":42,"column":23},"end":{"line":42,"column":28}},{"start":{"line":42,"column":32},"end":{"line":42,"column":44}},{"start":{"line":42,"column":48},"end":{"line":42,"column":63}},{"start":{"line":42,"column":67},"end":{"line":42,"column":78}},{"start":{"line":42,"column":82},"end":{"line":42,"column":87}},{"start":{"line":42,"column":91},"end":{"line":42,"column":99}}],"line":42},"2":{"loc":{"start":{"line":47,"column":4},"end":{"line":49,"column":5}},"type":"if","locations":[{"start":{"line":47,"column":4},"end":{"line":49,"column":5}},{"start":{},"end":{}}],"line":47},"3":{"loc":{"start":{"line":51,"column":4},"end":{"line":53,"column":5}},"type":"if","locations":[{"start":{"line":51,"column":4},"end":{"line":53,"column":5}},{"start":{},"end":{}}],"line":51},"4":{"loc":{"start":{"line":57,"column":28},"end":{"line":57,"column":96}},"type":"cond-expr","locations":[{"start":{"line":57,"column":61},"end":{"line":57,"column":76}},{"start":{"line":57,"column":79},"end":{"line":57,"column":96}}],"line":57},"5":{"loc":{"start":{"line":62,"column":8},"end":{"line":64,"column":9}},"type":"if","locations":[{"start":{"line":62,"column":8},"end":{"line":64,"column":9}},{"start":{},"end":{}}],"line":62},"6":{"loc":{"start":{"line":91,"column":8},"end":{"line":93,"column":9}},"type":"if","locations":[{"start":{"line":91,"column":8},"end":{"line":93,"column":9}},{"start":{},"end":{}}],"line":91},"7":{"loc":{"start":{"line":115,"column":4},"end":{"line":117,"column":5}},"type":"if","locations":[{"start":{"line":115,"column":4},"end":{"line":117,"column":5}},{"start":{},"end":{}}],"line":115},"8":{"loc":{"start":{"line":129,"column":8},"end":{"line":131,"column":9}},"type":"if","locations":[{"start":{"line":129,"column":8},"end":{"line":131,"column":9}},{"start":{},"end":{}}],"line":129},"9":{"loc":{"start":{"line":129,"column":12},"end":{"line":129,"column":65}},"type":"binary-expr","locations":[{"start":{"line":129,"column":12},"end":{"line":129,"column":38}},{"start":{"line":129,"column":42},"end":{"line":129,"column":65}}],"line":129},"10":{"loc":{"start":{"line":134,"column":32},"end":{"line":134,"column":91}},"type":"cond-expr","locations":[{"start":{"line":134,"column":51},"end":{"line":134,"column":78}},{"start":{"line":134,"column":81},"end":{"line":134,"column":91}}],"line":134},"11":{"loc":{"start":{"line":135,"column":38},"end":{"line":135,"column":78}},"type":"binary-expr","locations":[{"start":{"line":135,"column":38},"end":{"line":135,"column":60}},{"start":{"line":135,"column":64},"end":{"line":135,"column":78}}],"line":135},"12":{"loc":{"start":{"line":145,"column":33},"end":{"line":145,"column":60}},"type":"binary-expr","locations":[{"start":{"line":145,"column":33},"end":{"line":145,"column":54}},{"start":{"line":145,"column":58},"end":{"line":145,"column":60}}],"line":145},"13":{"loc":{"start":{"line":148,"column":12},"end":{"line":150,"column":13}},"type":"if","locations":[{"start":{"line":148,"column":12},"end":{"line":150,"column":13}},{"start":{},"end":{}}],"line":148},"14":{"loc":{"start":{"line":157,"column":8},"end":{"line":159,"column":9}},"type":"if","locations":[{"start":{"line":157,"column":8},"end":{"line":159,"column":9}},{"start":{},"end":{}}],"line":157}},"s":{"0":1,"1":1,"2":1,"3":1,"4":1,"5":33,"6":1,"7":0,"8":0,"9":1,"10":1,"11":1,"12":1,"13":3,"14":3,"15":1,"16":2,"17":0,"18":2,"19":0,"20":2,"21":2,"22":2,"23":2,"24":2,"25":0,"26":2,"27":2,"28":0,"29":0,"30":1,"31":1,"32":1,"33":1,"34":1,"35":0,"36":1,"37":1,"38":1,"39":0,"40":0,"41":1,"42":1,"43":1,"44":0,"45":1,"46":1,"47":1,"48":1,"49":0,"50":1,"51":1,"52":1,"53":1,"54":1,"55":1,"56":1,"57":33,"58":33,"59":0,"60":33,"61":33,"62":1,"63":1,"64":0,"65":0,"66":0,"67":0,"68":0,"69":1,"70":0,"71":0,"72":0,"73":0,"74":0},"f":{"0":1,"1":33,"2":3,"3":2,"4":1,"5":1,"6":33,"7":33,"8":0},"b":{"0":[1,2],"1":[3,3,2,2,2,2,2],"2":[0,2],"3":[0,2],"4":[2,0],"5":[0,2],"6":[0,1],"7":[0,1],"8":[0,1],"9":[1,1],"10":[1,0],"11":[1,0],"12":[33,0],"13":[0,33],"14":[1,0]},"_coverageSchema":"1a1c01bbd47fc00a2c39e90264f33305004495a9","hash":"54217025790b2e5edc68933c28ee5a7c0d390fec"}
,"C:\\Users\\sunan\\Desktop\\4353 project\\volunteer-web-app\\backend\\controllers\\profileController.js": {"path":"C:\\Users\\sunan\\Desktop\\4353 project\\volunteer-web-app\\backend\\controllers\\profileController.js","statementMap":{"0":{"start":{"line":1,"column":0},"end":{"line":31,"column":2}},"1":{"start":{"line":2,"column":80},"end":{"line":2,"column":88}},"2":{"start":{"line":3,"column":17},"end":{"line":3,"column":19}},"3":{"start":{"line":5,"column":4},"end":{"line":7,"column":5}},"4":{"start":{"line":6,"column":8},"end":{"line":6,"column":77}},"5":{"start":{"line":8,"column":4},"end":{"line":10,"column":5}},"6":{"start":{"line":9,"column":8},"end":{"line":9,"column":83}},"7":{"start":{"line":11,"column":4},"end":{"line":13,"column":5}},"8":{"start":{"line":12,"column":8},"end":{"line":12,"column":78}},"9":{"start":{"line":14,"column":4},"end":{"line":16,"column":5}},"10":{"start":{"line":15,"column":8},"end":{"line":15,"column":52}},"11":{"start":{"line":17,"column":4},"end":{"line":19,"column":5}},"12":{"start":{"line":18,"column":8},"end":{"line":18,"column":71}},"13":{"start":{"line":20,"column":4},"end":{"line":22,"column":5}},"14":{"start":{"line":21,"column":8},"end":{"line":21,"column":60}},"15":{"start":{"line":23,"column":4},"end":{"line":25,"column":5}},"16":{"start":{"line":24,"column":8},"end":{"line":24,"column":63}},"17":{"start":{"line":27,"column":4},"end":{"line":29,"column":5}},"18":{"start":{"line":28,"column":8},"end":{"line":28,"column":48}},"19":{"start":{"line":30,"column":4},"end":{"line":30,"column":11}},"20":{"start":{"line":33,"column":0},"end":{"line":35,"column":2}},"21":{"start":{"line":34,"column":4},"end":{"line":34,"column":73}}},"fnMap":{"0":{"name":"(anonymous_0)","decl":{"start":{"line":1,"column":26},"end":{"line":1,"column":27}},"loc":{"start":{"line":1,"column":46},"end":{"line":31,"column":1}},"line":1},"1":{"name":"(anonymous_1)","decl":{"start":{"line":33,"column":34},"end":{"line":33,"column":35}},"loc":{"start":{"line":33,"column":48},"end":{"line":35,"column":1}},"line":33}},"branchMap":{"0":{"loc":{"start":{"line":5,"column":4},"end":{"line":7,"column":5}},"type":"if","locations":[{"start":{"line":5,"column":4},"end":{"line":7,"column":5}},{"start":{},"end":{}}],"line":5},"1":{"loc":{"start":{"line":5,"column":8},"end":{"line":5,"column":33}},"type":"binary-expr","locations":[{"start":{"line":5,"column":8},"end":{"line":5,"column":13}},{"start":{"line":5,"column":17},"end":{"line":5,"column":33}}],"line":5},"2":{"loc":{"start":{"line":8,"column":4},"end":{"line":10,"column":5}},"type":"if","locations":[{"start":{"line":8,"column":4},"end":{"line":10,"column":5}},{"start":{},"end":{}}],"line":8},"3":{"loc":{"start":{"line":8,"column":8},"end":{"line":8,"column":42}},"type":"binary-expr","locations":[{"start":{"line":8,"column":8},"end":{"line":8,"column":17}},{"start":{"line":8,"column":21},"end":{"line":8,"column":42}}],"line":8},"4":{"loc":{"start":{"line":11,"column":4},"end":{"line":13,"column":5}},"type":"if","locations":[{"start":{"line":11,"column":4},"end":{"line":13,"column":5}},{"start":{},"end":{}}],"line":11},"5":{"loc":{"start":{"line":11,"column":8},"end":{"line":11,"column":34}},"type":"binary-expr","locations":[{"start":{"line":11,"column":8},"end":{"line":11,"column":13}},{"start":{"line":11,"column":17},"end":{"line":11,"column":34}}],"line":11},"6":{"loc":{"start":{"line":14,"column":4},"end":{"line":16,"column":5}},"type":"if","locations":[{"start":{"line":14,"column":4},"end":{"line":16,"column":5}},{"start":{},"end":{}}],"line":14},"7":{"loc":{"start":{"line":17,"column":4},"end":{"line":19,"column":5}},"type":"if","locations":[{"start":{"line":17,"column":4},"end":{"line":19,"column":5}},{"start":{},"end":{}}],"line":17},"8":{"loc":{"start":{"line":17,"column":8},"end":{"line":17,"column":59}},"type":"binary-expr","locations":[{"start":{"line":17,"column":8},"end":{"line":17,"column":16}},{"start":{"line":17,"column":20},"end":{"line":17,"column":59}}],"line":17},"9":{"loc":{"start":{"line":20,"column":4},"end":{"line":22,"column":5}},"type":"if","locations":[{"start":{"line":20,"column":4},"end":{"line":22,"column":5}},{"start":{},"end":{}}],"line":20},"10":{"loc":{"start":{"line":20,"column":8},"end":{"line":20,"column":64}},"type":"binary-expr","locations":[{"start":{"line":20,"column":8},"end":{"line":20,"column":15}},{"start":{"line":20,"column":19},"end":{"line":20,"column":41}},{"start":{"line":20,"column":45},"end":{"line":20,"column":64}}],"line":20},"11":{"loc":{"start":{"line":23,"column":4},"end":{"line":25,"column":5}},"type":"if","locations":[{"start":{"line":23,"column":4},"end":{"line":25,"column":5}},{"start":{},"end":{}}],"line":23},"12":{"loc":{"start":{"line":23,"column":8},"end":{"line":23,"column":62}},"type":"binary-expr","locations":[{"start":{"line":23,"column":8},"end":{"line":23,"column":25}},{"start":{"line":23,"column":29},"end":{"line":23,"column":62}}],"line":23},"13":{"loc":{"start":{"line":27,"column":4},"end":{"line":29,"column":5}},"type":"if","locations":[{"start":{"line":27,"column":4},"end":{"line":29,"column":5}},{"start":{},"end":{}}],"line":27}},"s":{"0":1,"1":3,"2":3,"3":3,"4":2,"5":3,"6":1,"7":3,"8":1,"9":3,"10":1,"11":3,"12":1,"13":3,"14":1,"15":3,"16":0,"17":3,"18":2,"19":1,"20":1,"21":1},"f":{"0":3,"1":1},"b":{"0":[2,1],"1":[3,2],"2":[1,2],"3":[3,2],"4":[1,2],"5":[3,2],"6":[1,2],"7":[1,2],"8":[3,2],"9":[1,2],"10":[3,2,2],"11":[0,3],"12":[3,2],"13":[2,1]},"_coverageSchema":"1a1c01bbd47fc00a2c39e90264f33305004495a9","hash":"05b22e8838b43f6ecddcec038192af6aa57104ee"}
,"C:\\Users\\sunan\\Desktop\\4353 project\\volunteer-web-app\\backend\\controllers\\volunteer-controllers.js": {"path":"C:\\Users\\sunan\\Desktop\\4353 project\\volunteer-web-app\\backend\\controllers\\volunteer-controllers.js","statementMap":{"0":{"start":{"line":6,"column":15},"end":{"line":6,"column":32}},"1":{"start":{"line":10,"column":20},"end":{"line":12,"column":1}},"2":{"start":{"line":14,"column":0},"end":{"line":38,"column":2}},"3":{"start":{"line":15,"column":36},"end":{"line":15,"column":48}},"4":{"start":{"line":17,"column":4},"end":{"line":27,"column":5}},"5":{"start":{"line":18,"column":8},"end":{"line":18,"column":82}},"6":{"start":{"line":21,"column":9},"end":{"line":27,"column":5}},"7":{"start":{"line":22,"column":8},"end":{"line":22,"column":87}},"8":{"start":{"line":25,"column":9},"end":{"line":27,"column":5}},"9":{"start":{"line":26,"column":8},"end":{"line":26,"column":93}},"10":{"start":{"line":29,"column":28},"end":{"line":34,"column":5}},"11":{"start":{"line":36,"column":4},"end":{"line":36,"column":40}},"12":{"start":{"line":37,"column":4},"end":{"line":37,"column":47}},"13":{"start":{"line":55,"column":0},"end":{"line":57,"column":1}},"14":{"start":{"line":56,"column":4},"end":{"line":56,"column":33}},"15":{"start":{"line":62,"column":0},"end":{"line":67,"column":1}},"16":{"start":{"line":63,"column":20},"end":{"line":63,"column":47}},"17":{"start":{"line":64,"column":25},"end":{"line":64,"column":73}},"18":{"start":{"line":64,"column":55},"end":{"line":64,"column":72}},"19":{"start":{"line":65,"column":4},"end":{"line":65,"column":35}},"20":{"start":{"line":66,"column":4},"end":{"line":66,"column":49}}},"fnMap":{"0":{"name":"(anonymous_0)","decl":{"start":{"line":14,"column":37},"end":{"line":14,"column":38}},"loc":{"start":{"line":14,"column":60},"end":{"line":38,"column":1}},"line":14},"1":{"name":"(anonymous_1)","decl":{"start":{"line":55,"column":28},"end":{"line":55,"column":29}},"loc":{"start":{"line":55,"column":51},"end":{"line":57,"column":1}},"line":55},"2":{"name":"(anonymous_2)","decl":{"start":{"line":62,"column":27},"end":{"line":62,"column":28}},"loc":{"start":{"line":62,"column":50},"end":{"line":67,"column":1}},"line":62},"3":{"name":"(anonymous_3)","decl":{"start":{"line":64,"column":44},"end":{"line":64,"column":45}},"loc":{"start":{"line":64,"column":55},"end":{"line":64,"column":72}},"line":64}},"branchMap":{"0":{"loc":{"start":{"line":17,"column":4},"end":{"line":27,"column":5}},"type":"if","locations":[{"start":{"line":17,"column":4},"end":{"line":27,"column":5}},{"start":{"line":21,"column":9},"end":{"line":27,"column":5}}],"line":17},"1":{"loc":{"start":{"line":17,"column":8},"end":{"line":17,"column":31}},"type":"binary-expr","locations":[{"start":{"line":17,"column":8},"end":{"line":17,"column":15}},{"start":{"line":17,"column":19},"end":{"line":17,"column":31}}],"line":17},"2":{"loc":{"start":{"line":21,"column":9},"end":{"line":27,"column":5}},"type":"if","locations":[{"start":{"line":21,"column":9},"end":{"line":27,"column":5}},{"start":{"line":25,"column":9},"end":{"line":27,"column":5}}],"line":21},"3":{"loc":{"start":{"line":25,"column":9},"end":{"line":27,"column":5}},"type":"if","locations":[{"start":{"line":25,"column":9},"end":{"line":27,"column":5}},{"start":{},"end":{}}],"line":25}},"s":{"0":1,"1":1,"2":1,"3":2,"4":2,"5":1,"6":1,"7":0,"8":1,"9":0,"10":1,"11":1,"12":1,"13":1,"14":1,"15":1,"16":0,"17":0,"18":0,"19":0,"20":0},"f":{"0":2,"1":1,"2":0,"3":0},"b":{"0":[1,1],"1":[2,1],"2":[0,1],"3":[0,1]},"_coverageSchema":"1a1c01bbd47fc00a2c39e90264f33305004495a9","hash":"99a370b17dfa3ab9b2c96292e8f7001550f18c24"}
,"C:\\Users\\sunan\\Desktop\\4353 project\\volunteer-web-app\\backend\\routes\\adminRoutes.js": {"path":"C:\\Users\\sunan\\Desktop\\4353 project\\volunteer-web-app\\backend\\routes\\adminRoutes.js","statementMap":{"0":{"start":{"line":1,"column":16},"end":{"line":1,"column":34}},"1":{"start":{"line":2,"column":102},"end":{"line":2,"column":143}},"2":{"start":{"line":5,"column":15},"end":{"line":5,"column":31}},"3":{"start":{"line":8,"column":0},"end":{"line":8,"column":41}},"4":{"start":{"line":11,"column":0},"end":{"line":11,"column":38}},"5":{"start":{"line":14,"column":0},"end":{"line":14,"column":47}},"6":{"start":{"line":17,"column":0},"end":{"line":17,"column":56}},"7":{"start":{"line":19,"column":0},"end":{"line":19,"column":41}},"8":{"start":{"line":22,"column":0},"end":{"line":22,"column":24}}},"fnMap":{},"branchMap":{},"s":{"0":1,"1":1,"2":1,"3":1,"4":1,"5":1,"6":1,"7":1,"8":1},"f":{},"b":{},"_coverageSchema":"1a1c01bbd47fc00a2c39e90264f33305004495a9","hash":"b0464676dd39e8082be40c7aaf63856fb2e5dc3e"}
,"C:\\Users\\sunan\\Desktop\\4353 project\\volunteer-web-app\\backend\\routes\\profileRoutes.js": {"path":"C:\\Users\\sunan\\Desktop\\4353 project\\volunteer-web-app\\backend\\routes\\profileRoutes.js","statementMap":{"0":{"start":{"line":1,"column":16},"end":{"line":1,"column":34}},"1":{"start":{"line":2,"column":53},"end":{"line":2,"column":96}},"2":{"start":{"line":3,"column":15},"end":{"line":3,"column":31}},"3":{"start":{"line":5,"column":0},"end":{"line":5,"column":71}},"4":{"start":{"line":7,"column":0},"end":{"line":7,"column":24}}},"fnMap":{},"branchMap":{},"s":{"0":1,"1":1,"2":1,"3":1,"4":1},"f":{},"b":{},"_coverageSchema":"1a1c01bbd47fc00a2c39e90264f33305004495a9","hash":"1ec34737836409d7785c4f40f85448e1d0f0f45e"}
,"C:\\Users\\sunan\\Desktop\\4353 project\\volunteer-web-app\\backend\\routes\\volunteer-routes.js": {"path":"C:\\Users\\sunan\\Desktop\\4353 project\\volunteer-web-app\\backend\\routes\\volunteer-routes.js","statementMap":{"0":{"start":{"line":11,"column":16},"end":{"line":11,"column":34}},"1":{"start":{"line":12,"column":15},"end":{"line":12,"column":31}},"2":{"start":{"line":17,"column":39},"end":{"line":17,"column":86}},"3":{"start":{"line":19,"column":0},"end":{"line":19,"column":58}},"4":{"start":{"line":31,"column":30},"end":{"line":31,"column":77}},"5":{"start":{"line":33,"column":0},"end":{"line":33,"column":48}},"6":{"start":{"line":38,"column":29},"end":{"line":38,"column":76}},"7":{"start":{"line":40,"column":0},"end":{"line":40,"column":51}},"8":{"start":{"line":45,"column":0},"end":{"line":45,"column":24}}},"fnMap":{},"branchMap":{},"s":{"0":1,"1":1,"2":1,"3":1,"4":1,"5":1,"6":1,"7":1,"8":1},"f":{},"b":{},"_coverageSchema":"1a1c01bbd47fc00a2c39e90264f33305004495a9","hash":"64bb18c48896d2580c3c87bb8e0a7f20e4582241"}
}
