{"/home/twofacedshark/repos/volunteer-web-app/backend/controllers/adminController.js": {"path":"/home/twofacedshark/repos/volunteer-web-app/backend/controllers/adminController.js","statementMap":{"0":{"start":{"line":1,"column":18},"end":{"line":4,"column":1}},"1":{"start":{"line":7,"column":0},"end":{"line":26,"column":2}},"2":{"start":{"line":8,"column":54},"end":{"line":8,"column":62}},"3":{"start":{"line":9,"column":27},"end":{"line":9,"column":29}},"4":{"start":{"line":11,"column":4},"end":{"line":13,"column":5}},"5":{"start":{"line":12,"column":8},"end":{"line":12,"column":76}},"6":{"start":{"line":15,"column":21},"end":{"line":22,"column":5}},"7":{"start":{"line":24,"column":4},"end":{"line":24,"column":31}},"8":{"start":{"line":25,"column":4},"end":{"line":25,"column":35}},"9":{"start":{"line":29,"column":0},"end":{"line":31,"column":2}},"10":{"start":{"line":30,"column":4},"end":{"line":30,"column":26}},"11":{"start":{"line":34,"column":0},"end":{"line":38,"column":2}},"12":{"start":{"line":35,"column":20},"end":{"line":35,"column":43}},"13":{"start":{"line":36,"column":4},"end":{"line":36,"column":68}},"14":{"start":{"line":36,"column":46},"end":{"line":36,"column":66}},"15":{"start":{"line":37,"column":4},"end":{"line":37,"column":56}},"16":{"start":{"line":42,"column":17},"end":{"line":46,"column":1}},"17":{"start":{"line":49,"column":0},"end":{"line":68,"column":2}},"18":{"start":{"line":50,"column":30},"end":{"line":50,"column":38}},"19":{"start":{"line":53,"column":22},"end":{"line":53,"column":68}},"20":{"start":{"line":53,"column":43},"end":{"line":53,"column":67}},"21":{"start":{"line":54,"column":4},"end":{"line":56,"column":5}},"22":{"start":{"line":55,"column":8},"end":{"line":55,"column":72}},"23":{"start":{"line":59,"column":26},"end":{"line":61,"column":5}},"24":{"start":{"line":60,"column":8},"end":{"line":60,"column":77}},"25":{"start":{"line":60,"column":44},"end":{"line":60,"column":76}},"26":{"start":{"line":63,"column":4},"end":{"line":65,"column":5}},"27":{"start":{"line":64,"column":8},"end":{"line":64,"column":69}},"28":{"start":{"line":67,"column":4},"end":{"line":67,"column":54}},"29":{"start":{"line":71,"column":0},"end":{"line":73,"column":2}},"30":{"start":{"line":72,"column":4},"end":{"line":72,"column":29}}},"fnMap":{"0":{"name":"(anonymous_0)","decl":{"start":{"line":7,"column":27},"end":{"line":7,"column":28}},"loc":{"start":{"line":7,"column":41},"end":{"line":26,"column":1}},"line":7},"1":{"name":"(anonymous_1)","decl":{"start":{"line":29,"column":25},"end":{"line":29,"column":26}},"loc":{"start":{"line":29,"column":39},"end":{"line":31,"column":1}},"line":29},"2":{"name":"(anonymous_2)","decl":{"start":{"line":34,"column":27},"end":{"line":34,"column":28}},"loc":{"start":{"line":34,"column":41},"end":{"line":38,"column":1}},"line":34},"3":{"name":"(anonymous_3)","decl":{"start":{"line":36,"column":37},"end":{"line":36,"column":38}},"loc":{"start":{"line":36,"column":46},"end":{"line":36,"column":66}},"line":36},"4":{"name":"(anonymous_4)","decl":{"start":{"line":49,"column":33},"end":{"line":49,"column":34}},"loc":{"start":{"line":49,"column":47},"end":{"line":68,"column":1}},"line":49},"5":{"name":"(anonymous_5)","decl":{"start":{"line":53,"column":38},"end":{"line":53,"column":39}},"loc":{"start":{"line":53,"column":43},"end":{"line":53,"column":67}},"line":53},"6":{"name":"(anonymous_6)","decl":{"start":{"line":59,"column":45},"end":{"line":59,"column":46}},"loc":{"start":{"line":60,"column":8},"end":{"line":60,"column":77}},"line":60},"7":{"name":"(anonymous_7)","decl":{"start":{"line":60,"column":35},"end":{"line":60,"column":36}},"loc":{"start":{"line":60,"column":44},"end":{"line":60,"column":76}},"line":60},"8":{"name":"(anonymous_8)","decl":{"start":{"line":71,"column":24},"end":{"line":71,"column":25}},"loc":{"start":{"line":71,"column":38},"end":{"line":73,"column":1}},"line":71}},"branchMap":{"0":{"loc":{"start":{"line":11,"column":4},"end":{"line":13,"column":5}},"type":"if","locations":[{"start":{"line":11,"column":4},"end":{"line":13,"column":5}},{"start":{},"end":{}}],"line":11},"1":{"loc":{"start":{"line":11,"column":8},"end":{"line":11,"column":35}},"type":"binary-expr","locations":[{"start":{"line":11,"column":8},"end":{"line":11,"column":13}},{"start":{"line":11,"column":17},"end":{"line":11,"column":26}},{"start":{"line":11,"column":30},"end":{"line":11,"column":35}}],"line":11},"2":{"loc":{"start":{"line":54,"column":4},"end":{"line":56,"column":5}},"type":"if","locations":[{"start":{"line":54,"column":4},"end":{"line":56,"column":5}},{"start":{},"end":{}}],"line":54},"3":{"loc":{"start":{"line":63,"column":4},"end":{"line":65,"column":5}},"type":"if","locations":[{"start":{"line":63,"column":4},"end":{"line":65,"column":5}},{"start":{},"end":{}}],"line":63}},"s":{"0":1,"1":1,"2":3,"3":3,"4":3,"5":1,"6":2,"7":2,"8":2,"9":1,"10":1,"11":1,"12":1,"13":1,"14":4,"15":1,"16":1,"17":1,"18":1,"19":1,"20":1,"21":1,"22":0,"23":1,"24":3,"25":4,"26":1,"27":0,"28":1,"29":1,"30":0},"f":{"0":3,"1":1,"2":1,"3":4,"4":1,"5":1,"6":3,"7":4,"8":0},"b":{"0":[1,2],"1":[3,2,2],"2":[0,1],"3":[0,1]},"_coverageSchema":"1a1c01bbd47fc00a2c39e90264f33305004495a9","hash":"a16aea939a6711e56ce8bccc15341026c9aa9a10"}
,"/home/twofacedshark/repos/volunteer-web-app/backend/controllers/profileController.js": {"path":"/home/twofacedshark/repos/volunteer-web-app/backend/controllers/profileController.js","statementMap":{"0":{"start":{"line":1,"column":0},"end":{"line":31,"column":2}},"1":{"start":{"line":2,"column":80},"end":{"line":2,"column":88}},"2":{"start":{"line":3,"column":17},"end":{"line":3,"column":19}},"3":{"start":{"line":5,"column":4},"end":{"line":7,"column":5}},"4":{"start":{"line":6,"column":8},"end":{"line":6,"column":77}},"5":{"start":{"line":8,"column":4},"end":{"line":10,"column":5}},"6":{"start":{"line":9,"column":8},"end":{"line":9,"column":83}},"7":{"start":{"line":11,"column":4},"end":{"line":13,"column":5}},"8":{"start":{"line":12,"column":8},"end":{"line":12,"column":78}},"9":{"start":{"line":14,"column":4},"end":{"line":16,"column":5}},"10":{"start":{"line":15,"column":8},"end":{"line":15,"column":52}},"11":{"start":{"line":17,"column":4},"end":{"line":19,"column":5}},"12":{"start":{"line":18,"column":8},"end":{"line":18,"column":71}},"13":{"start":{"line":20,"column":4},"end":{"line":22,"column":5}},"14":{"start":{"line":21,"column":8},"end":{"line":21,"column":60}},"15":{"start":{"line":23,"column":4},"end":{"line":25,"column":5}},"16":{"start":{"line":24,"column":8},"end":{"line":24,"column":63}},"17":{"start":{"line":27,"column":4},"end":{"line":29,"column":5}},"18":{"start":{"line":28,"column":8},"end":{"line":28,"column":48}},"19":{"start":{"line":30,"column":4},"end":{"line":30,"column":11}},"20":{"start":{"line":33,"column":0},"end":{"line":35,"column":2}},"21":{"start":{"line":34,"column":4},"end":{"line":34,"column":73}}},"fnMap":{"0":{"name":"(anonymous_0)","decl":{"start":{"line":1,"column":26},"end":{"line":1,"column":27}},"loc":{"start":{"line":1,"column":46},"end":{"line":31,"column":1}},"line":1},"1":{"name":"(anonymous_1)","decl":{"start":{"line":33,"column":34},"end":{"line":33,"column":35}},"loc":{"start":{"line":33,"column":48},"end":{"line":35,"column":1}},"line":33}},"branchMap":{"0":{"loc":{"start":{"line":5,"column":4},"end":{"line":7,"column":5}},"type":"if","locations":[{"start":{"line":5,"column":4},"end":{"line":7,"column":5}},{"start":{},"end":{}}],"line":5},"1":{"loc":{"start":{"line":5,"column":8},"end":{"line":5,"column":33}},"type":"binary-expr","locations":[{"start":{"line":5,"column":8},"end":{"line":5,"column":13}},{"start":{"line":5,"column":17},"end":{"line":5,"column":33}}],"line":5},"2":{"loc":{"start":{"line":8,"column":4},"end":{"line":10,"column":5}},"type":"if","locations":[{"start":{"line":8,"column":4},"end":{"line":10,"column":5}},{"start":{},"end":{}}],"line":8},"3":{"loc":{"start":{"line":8,"column":8},"end":{"line":8,"column":42}},"type":"binary-expr","locations":[{"start":{"line":8,"column":8},"end":{"line":8,"column":17}},{"start":{"line":8,"column":21},"end":{"line":8,"column":42}}],"line":8},"4":{"loc":{"start":{"line":11,"column":4},"end":{"line":13,"column":5}},"type":"if","locations":[{"start":{"line":11,"column":4},"end":{"line":13,"column":5}},{"start":{},"end":{}}],"line":11},"5":{"loc":{"start":{"line":11,"column":8},"end":{"line":11,"column":34}},"type":"binary-expr","locations":[{"start":{"line":11,"column":8},"end":{"line":11,"column":13}},{"start":{"line":11,"column":17},"end":{"line":11,"column":34}}],"line":11},"6":{"loc":{"start":{"line":14,"column":4},"end":{"line":16,"column":5}},"type":"if","locations":[{"start":{"line":14,"column":4},"end":{"line":16,"column":5}},{"start":{},"end":{}}],"line":14},"7":{"loc":{"start":{"line":17,"column":4},"end":{"line":19,"column":5}},"type":"if","locations":[{"start":{"line":17,"column":4},"end":{"line":19,"column":5}},{"start":{},"end":{}}],"line":17},"8":{"loc":{"start":{"line":17,"column":8},"end":{"line":17,"column":59}},"type":"binary-expr","locations":[{"start":{"line":17,"column":8},"end":{"line":17,"column":16}},{"start":{"line":17,"column":20},"end":{"line":17,"column":59}}],"line":17},"9":{"loc":{"start":{"line":20,"column":4},"end":{"line":22,"column":5}},"type":"if","locations":[{"start":{"line":20,"column":4},"end":{"line":22,"column":5}},{"start":{},"end":{}}],"line":20},"10":{"loc":{"start":{"line":20,"column":8},"end":{"line":20,"column":64}},"type":"binary-expr","locations":[{"start":{"line":20,"column":8},"end":{"line":20,"column":15}},{"start":{"line":20,"column":19},"end":{"line":20,"column":41}},{"start":{"line":20,"column":45},"end":{"line":20,"column":64}}],"line":20},"11":{"loc":{"start":{"line":23,"column":4},"end":{"line":25,"column":5}},"type":"if","locations":[{"start":{"line":23,"column":4},"end":{"line":25,"column":5}},{"start":{},"end":{}}],"line":23},"12":{"loc":{"start":{"line":23,"column":8},"end":{"line":23,"column":62}},"type":"binary-expr","locations":[{"start":{"line":23,"column":8},"end":{"line":23,"column":25}},{"start":{"line":23,"column":29},"end":{"line":23,"column":62}}],"line":23},"13":{"loc":{"start":{"line":27,"column":4},"end":{"line":29,"column":5}},"type":"if","locations":[{"start":{"line":27,"column":4},"end":{"line":29,"column":5}},{"start":{},"end":{}}],"line":27}},"s":{"0":1,"1":3,"2":3,"3":3,"4":2,"5":3,"6":1,"7":3,"8":1,"9":3,"10":1,"11":3,"12":1,"13":3,"14":1,"15":3,"16":0,"17":3,"18":2,"19":1,"20":1,"21":1},"f":{"0":3,"1":1},"b":{"0":[2,1],"1":[3,2],"2":[1,2],"3":[3,2],"4":[1,2],"5":[3,2],"6":[1,2],"7":[1,2],"8":[3,2],"9":[1,2],"10":[3,2,2],"11":[0,3],"12":[3,2],"13":[2,1]},"_coverageSchema":"1a1c01bbd47fc00a2c39e90264f33305004495a9","hash":"d3b3e71fa00330491281a1a7290a520bb4f7ec83"}
,"/home/twofacedshark/repos/volunteer-web-app/backend/controllers/volunteer-controllers.js": {"path":"/home/twofacedshark/repos/volunteer-web-app/backend/controllers/volunteer-controllers.js","statementMap":{"0":{"start":{"line":6,"column":20},"end":{"line":6,"column":22}},"1":{"start":{"line":61,"column":0},"end":{"line":68,"column":2}},"2":{"start":{"line":62,"column":20},"end":{"line":62,"column":37}},"3":{"start":{"line":63,"column":24},"end":{"line":63,"column":41}},"4":{"start":{"line":65,"column":20},"end":{"line":65,"column":37}},"5":{"start":{"line":66,"column":4},"end":{"line":66,"column":47}},"6":{"start":{"line":67,"column":4},"end":{"line":67,"column":53}},"7":{"start":{"line":74,"column":15},"end":{"line":74,"column":32}},"8":{"start":{"line":76,"column":0},"end":{"line":87,"column":1}},"9":{"start":{"line":77,"column":36},"end":{"line":77,"column":44}},"10":{"start":{"line":79,"column":28},"end":{"line":83,"column":5}},"11":{"start":{"line":85,"column":4},"end":{"line":85,"column":40}},"12":{"start":{"line":86,"column":4},"end":{"line":86,"column":47}}},"fnMap":{"0":{"name":"(anonymous_0)","decl":{"start":{"line":61,"column":23},"end":{"line":61,"column":24}},"loc":{"start":{"line":61,"column":46},"end":{"line":68,"column":1}},"line":61},"1":{"name":"(anonymous_1)","decl":{"start":{"line":76,"column":29},"end":{"line":76,"column":30}},"loc":{"start":{"line":76,"column":52},"end":{"line":87,"column":1}},"line":76}},"branchMap":{},"s":{"0":1,"1":1,"2":0,"3":0,"4":0,"5":0,"6":0,"7":1,"8":1,"9":0,"10":0,"11":0,"12":0},"f":{"0":0,"1":0},"b":{},"_coverageSchema":"1a1c01bbd47fc00a2c39e90264f33305004495a9","hash":"1b869df60f53e26d23fcc46b8faad742185a6d25"}
,"/home/twofacedshark/repos/volunteer-web-app/backend/routes/adminRoutes.js": {"path":"/home/twofacedshark/repos/volunteer-web-app/backend/routes/adminRoutes.js","statementMap":{"0":{"start":{"line":1,"column":16},"end":{"line":1,"column":34}},"1":{"start":{"line":2,"column":102},"end":{"line":2,"column":143}},"2":{"start":{"line":5,"column":15},"end":{"line":5,"column":31}},"3":{"start":{"line":8,"column":0},"end":{"line":8,"column":41}},"4":{"start":{"line":11,"column":0},"end":{"line":11,"column":38}},"5":{"start":{"line":14,"column":0},"end":{"line":14,"column":47}},"6":{"start":{"line":17,"column":0},"end":{"line":17,"column":56}},"7":{"start":{"line":19,"column":0},"end":{"line":19,"column":41}},"8":{"start":{"line":22,"column":0},"end":{"line":22,"column":24}}},"fnMap":{},"branchMap":{},"s":{"0":1,"1":1,"2":1,"3":1,"4":1,"5":1,"6":1,"7":1,"8":1},"f":{},"b":{},"_coverageSchema":"1a1c01bbd47fc00a2c39e90264f33305004495a9","hash":"4029eb338c598cd230e50abfb60f442107e270cd"}
,"/home/twofacedshark/repos/volunteer-web-app/backend/routes/profileRoutes.js": {"path":"/home/twofacedshark/repos/volunteer-web-app/backend/routes/profileRoutes.js","statementMap":{"0":{"start":{"line":1,"column":16},"end":{"line":1,"column":34}},"1":{"start":{"line":2,"column":53},"end":{"line":2,"column":96}},"2":{"start":{"line":3,"column":15},"end":{"line":3,"column":31}},"3":{"start":{"line":5,"column":0},"end":{"line":5,"column":71}},"4":{"start":{"line":7,"column":0},"end":{"line":7,"column":24}}},"fnMap":{},"branchMap":{},"s":{"0":1,"1":1,"2":1,"3":1,"4":1},"f":{},"b":{},"_coverageSchema":"1a1c01bbd47fc00a2c39e90264f33305004495a9","hash":"06c901373e24b1be915030be303f1d989ee6454c"}
,"/home/twofacedshark/repos/volunteer-web-app/backend/routes/volunteer-routes.js": {"path":"/home/twofacedshark/repos/volunteer-web-app/backend/routes/volunteer-routes.js","statementMap":{"0":{"start":{"line":11,"column":16},"end":{"line":11,"column":34}},"1":{"start":{"line":12,"column":15},"end":{"line":12,"column":31}},"2":{"start":{"line":27,"column":25},"end":{"line":27,"column":72}},"3":{"start":{"line":29,"column":0},"end":{"line":29,"column":39}},"4":{"start":{"line":34,"column":31},"end":{"line":34,"column":78}},"5":{"start":{"line":36,"column":0},"end":{"line":36,"column":49}},"6":{"start":{"line":41,"column":0},"end":{"line":41,"column":24}}},"fnMap":{},"branchMap":{},"s":{"0":1,"1":1,"2":1,"3":1,"4":1,"5":1,"6":1},"f":{},"b":{},"_coverageSchema":"1a1c01bbd47fc00a2c39e90264f33305004495a9","hash":"296598bf1c5b5476e63fc8c4e583cd6a34c080f2"}
}
