TN:
SF:backend/controllers/adminController.js
FN:7,(anonymous_0)
FN:29,(anonymous_1)
FN:34,(anonymous_2)
FN:36,(anonymous_3)
FN:49,(anonymous_4)
FN:53,(anonymous_5)
FN:59,(anonymous_6)
FN:60,(anonymous_7)
FN:71,(anonymous_8)
FNF:9
FNH:8
FNDA:3,(anonymous_0)
FNDA:1,(anonymous_1)
FNDA:1,(anonymous_2)
FNDA:4,(anonymous_3)
FNDA:1,(anonymous_4)
FNDA:1,(anonymous_5)
FNDA:3,(anonymous_6)
FNDA:4,(anonymous_7)
FNDA:0,(anonymous_8)
DA:1,1
DA:7,1
DA:8,3
DA:9,3
DA:11,3
DA:12,1
DA:15,2
DA:24,2
DA:25,2
DA:29,1
DA:30,1
DA:34,1
DA:35,1
DA:36,4
DA:37,1
DA:42,1
DA:49,1
DA:50,1
DA:53,1
DA:54,1
DA:55,0
DA:59,1
DA:60,4
DA:63,1
DA:64,0
DA:67,1
DA:71,1
DA:72,0
LF:28
LH:25
BRDA:11,0,0,1
BRDA:11,0,1,2
BRDA:11,1,0,3
BRDA:11,1,1,2
BRDA:11,1,2,2
BRDA:54,2,0,0
BRDA:54,2,1,1
BRDA:63,3,0,0
BRDA:63,3,1,1
BRF:9
BRH:7
end_of_record
TN:
SF:backend/controllers/profileController.js
FN:1,(anonymous_0)
FN:33,(anonymous_1)
FNF:2
FNH:2
FNDA:3,(anonymous_0)
FNDA:1,(anonymous_1)
DA:1,1
DA:2,3
DA:3,3
DA:5,3
DA:6,2
DA:8,3
DA:9,1
DA:11,3
DA:12,1
DA:14,3
DA:15,1
DA:17,3
DA:18,1
DA:20,3
DA:21,1
DA:23,3
DA:24,0
DA:27,3
DA:28,2
DA:30,1
DA:33,1
DA:34,1
LF:22
LH:21
BRDA:5,0,0,2
BRDA:5,0,1,1
BRDA:5,1,0,3
BRDA:5,1,1,2
BRDA:8,2,0,1
BRDA:8,2,1,2
BRDA:8,3,0,3
BRDA:8,3,1,2
BRDA:11,4,0,1
BRDA:11,4,1,2
BRDA:11,5,0,3
BRDA:11,5,1,2
BRDA:14,6,0,1
BRDA:14,6,1,2
BRDA:17,7,0,1
BRDA:17,7,1,2
BRDA:17,8,0,3
BRDA:17,8,1,2
BRDA:20,9,0,1
BRDA:20,9,1,2
BRDA:20,10,0,3
BRDA:20,10,1,2
BRDA:20,10,2,2
BRDA:23,11,0,0
BRDA:23,11,1,3
BRDA:23,12,0,3
BRDA:23,12,1,2
BRDA:27,13,0,2
BRDA:27,13,1,1
BRF:29
BRH:28
end_of_record
TN:
SF:backend/controllers/volunteer-controllers.js
FN:133,(anonymous_0)
FNF:1
FNH:1
FNDA:2,(anonymous_0)
DA:69,1
DA:131,1
DA:133,1
DA:134,2
DA:136,2
DA:137,1
DA:140,1
DA:141,0
DA:144,1
DA:145,0
DA:148,1
DA:154,1
DA:155,1
LF:13
LH:11
BRDA:136,0,0,1
BRDA:136,0,1,1
BRDA:136,1,0,2
BRDA:136,1,1,1
BRDA:140,2,0,0
BRDA:140,2,1,1
BRDA:144,3,0,0
BRDA:144,3,1,1
BRF:8
BRH:6
end_of_record
TN:
SF:backend/routes/adminRoutes.js
FNF:0
FNH:0
DA:1,1
DA:2,1
DA:5,1
DA:8,1
DA:11,1
DA:14,1
DA:17,1
DA:19,1
DA:22,1
LF:9
LH:9
BRF:0
BRH:0
end_of_record
TN:
SF:backend/routes/profileRoutes.js
FNF:0
FNH:0
DA:1,1
DA:2,1
DA:3,1
DA:5,1
DA:7,1
LF:5
LH:5
BRF:0
BRH:0
end_of_record
TN:
SF:backend/routes/volunteer-routes.js
FNF:0
FNH:0
DA:11,1
DA:12,1
DA:35,1
DA:37,1
DA:48,1
LF:5
LH:5
BRF:0
BRH:0
end_of_record
