TN:
SF:backend\db.js
FN:27,(anonymous_0)
FN:31,(anonymous_1)
FNF:2
FNH:1
FNDA:1,(anonymous_0)
FNDA:0,(anonymous_1)
DA:1,1
DA:2,1
DA:3,1
DA:6,1
DA:20,1
DA:23,1
DA:26,1
DA:28,1
DA:29,1
DA:32,0
DA:35,1
LF:11
LH:10
BRDA:11,0,0,1
BRDA:11,0,1,0
BRF:2
BRH:1
end_of_record
TN:
SF:backend\api\loginRoutes.js
FN:15,(anonymous_0)
FN:28,(anonymous_1)
FN:31,(anonymous_2)
FNF:3
FNH:3
FNDA:2,(anonymous_0)
FNDA:2,(anonymous_1)
FNDA:2,(anonymous_2)
DA:1,1
DA:2,1
DA:4,1
DA:15,1
DA:16,2
DA:18,2
DA:19,2
DA:20,1
DA:21,1
DA:24,1
DA:28,1
DA:29,2
DA:31,2
DA:32,2
DA:33,1
DA:36,1
DA:44,1
DA:46,1
DA:50,1
LF:19
LH:19
BRDA:19,0,0,1
BRDA:19,0,1,1
BRDA:19,1,0,2
BRDA:19,1,1,1
BRDA:19,1,2,1
BRDA:32,2,0,1
BRDA:32,2,1,1
BRF:7
BRH:7
end_of_record
TN:
SF:backend\controllers\adminController.js
FN:4,(anonymous_0)
FN:9,(anonymous_1)
FN:38,(anonymous_2)
FN:59,(anonymous_3)
FN:84,(anonymous_4)
FN:112,(anonymous_5)
FN:144,(anonymous_6)
FN:153,(anonymous_7)
FN:180,(anonymous_8)
FNF:9
FNH:8
FNDA:1,(anonymous_0)
FNDA:33,(anonymous_1)
FNDA:3,(anonymous_2)
FNDA:2,(anonymous_3)
FNDA:1,(anonymous_4)
FNDA:1,(anonymous_5)
FNDA:33,(anonymous_6)
FNDA:33,(anonymous_7)
FNDA:0,(anonymous_8)
DA:1,1
DA:4,1
DA:5,1
DA:6,1
DA:9,1
DA:10,33
DA:13,1
DA:15,0
DA:16,0
DA:23,1
DA:35,1
DA:36,1
DA:38,1
DA:39,3
DA:42,3
DA:43,1
DA:47,2
DA:48,0
DA:51,2
DA:52,0
DA:55,2
DA:57,2
DA:58,2
DA:59,2
DA:62,2
DA:63,0
DA:66,2
DA:73,2
DA:75,0
DA:76,0
DA:84,1
DA:85,1
DA:87,1
DA:89,1
DA:91,1
DA:92,0
DA:96,1
DA:99,1
DA:101,1
DA:103,0
DA:104,0
DA:112,1
DA:113,1
DA:115,1
DA:116,0
DA:119,1
DA:121,1
DA:125,1
DA:129,1
DA:130,0
DA:133,1
DA:134,1
DA:135,1
DA:136,1
DA:137,1
DA:141,1
DA:144,1
DA:145,33
DA:148,33
DA:149,0
DA:153,33
DA:157,1
DA:158,1
DA:162,0
DA:165,0
DA:171,0
DA:173,0
DA:174,0
DA:180,1
DA:181,0
DA:182,0
DA:183,0
DA:185,0
DA:186,0
LF:74
LH:51
BRDA:42,0,0,1
BRDA:42,0,1,2
BRDA:42,1,0,3
BRDA:42,1,1,3
BRDA:42,1,2,2
BRDA:42,1,3,2
BRDA:42,1,4,2
BRDA:42,1,5,2
BRDA:42,1,6,2
BRDA:47,2,0,0
BRDA:47,2,1,2
BRDA:51,3,0,0
BRDA:51,3,1,2
BRDA:57,4,0,2
BRDA:57,4,1,0
BRDA:62,5,0,0
BRDA:62,5,1,2
BRDA:91,6,0,0
BRDA:91,6,1,1
BRDA:115,7,0,0
BRDA:115,7,1,1
BRDA:129,8,0,0
BRDA:129,8,1,1
BRDA:129,9,0,1
BRDA:129,9,1,1
BRDA:134,10,0,1
BRDA:134,10,1,0
BRDA:135,11,0,1
BRDA:135,11,1,0
BRDA:145,12,0,33
BRDA:145,12,1,0
BRDA:148,13,0,0
BRDA:148,13,1,33
BRDA:157,14,0,1
BRDA:157,14,1,0
BRF:35
BRH:23
end_of_record
TN:
SF:backend\controllers\profileController.js
FN:1,(anonymous_0)
FN:33,(anonymous_1)
FNF:2
FNH:2
FNDA:3,(anonymous_0)
FNDA:1,(anonymous_1)
DA:1,1
DA:2,3
DA:3,3
DA:5,3
DA:6,2
DA:8,3
DA:9,1
DA:11,3
DA:12,1
DA:14,3
DA:15,1
DA:16,2
DA:18,2
DA:19,2
DA:20,1
DA:21,1
DA:24,1
DA:28,1
DA:29,2
DA:31,2
DA:32,2
DA:33,1
DA:34,1
LF:22
LH:21
BRDA:5,0,0,2
BRDA:5,0,1,1
BRDA:5,1,0,3
BRDA:5,1,1,2
BRDA:8,2,0,1
BRDA:8,2,1,2
BRDA:8,3,0,3
BRDA:8,3,1,2
BRDA:11,4,0,1
BRDA:11,4,1,2
BRDA:11,5,0,3
BRDA:11,5,1,2
BRDA:14,6,0,1
BRDA:14,6,1,2
BRDA:17,7,0,1
BRDA:17,7,1,2
BRDA:17,8,0,3
BRDA:17,8,1,2
BRDA:20,9,0,1
BRDA:20,9,1,2
BRDA:20,10,0,3
BRDA:20,10,1,2
BRDA:20,10,2,2
BRDA:23,11,0,0
BRDA:23,11,1,3
BRDA:23,12,0,3
BRDA:23,12,1,2
BRDA:27,13,0,2
BRDA:27,13,1,1
BRF:29
BRH:28
end_of_record
TN:
SF:backend\controllers\volunteer-controllers.js
FN:14,(anonymous_0)
FN:55,(anonymous_1)
FN:62,(anonymous_2)
FN:64,(anonymous_3)
FNF:4
FNH:2
FNDA:2,(anonymous_0)
FNDA:1,(anonymous_1)
FNDA:0,(anonymous_2)
FNDA:0,(anonymous_3)
DA:6,1
DA:10,1
DA:14,1
DA:15,2
DA:17,2
DA:18,1
DA:21,1
DA:22,0
DA:25,1
DA:26,0
DA:29,1
DA:36,1
DA:37,1
DA:55,1
DA:56,1
DA:62,1
DA:63,0
DA:64,0
DA:65,0
DA:66,0
LF:20
LH:14
BRDA:17,0,0,1
BRDA:17,0,1,1
BRDA:17,1,0,2
BRDA:17,1,1,1
BRDA:21,2,0,0
BRDA:21,2,1,1
BRDA:25,3,0,0
BRDA:25,3,1,1
BRF:8
BRH:6
end_of_record
TN:
SF:backend\routes\adminRoutes.js
FNF:0
FNH:0
DA:1,1
DA:2,1
DA:5,1
DA:8,1
DA:11,1
DA:14,1
DA:17,1
DA:19,1
DA:22,1
LF:9
LH:9
BRF:0
BRH:0
end_of_record
TN:
SF:backend\routes\profileRoutes.js
FNF:0
FNH:0
DA:1,1
DA:2,1
DA:3,1
DA:5,1
DA:7,1
LF:5
LH:5
BRF:0
BRH:0
end_of_record
TN:
SF:backend\routes\volunteer-routes.js
FNF:0
FNH:0
DA:11,1
DA:12,1
DA:17,1
DA:19,1
DA:31,1
DA:33,1
DA:38,1
DA:40,1
DA:45,1
LF:9
LH:9
BRF:0
BRH:0
end_of_record
